<?xml version="1.0" encoding="UTF-8"?>
<robot generator="Robot 7.0 (Python 3.11.6 on win32)" generated="2024-05-28T11:03:32.523796" rpa="false" schemaversion="5">
<suite id="s1" name="TestCase" source="E:\Project\DemoWebShop\TestCase">
<suite id="s1-s1" name="JewelryTest" source="E:\Project\DemoWebShop\TestCase\JewelryTest.robot">
<test id="s1-s1-t1" name="Validate the price with range" line="127">
<kw name="Open the Browser with url" owner="GenericResources" type="SETUP">
<kw name="Create Webdriver" owner="SeleniumLibrary">
<msg time="2024-05-28T11:03:32.965551" level="INFO">Creating an instance of the Chrome WebDriver.</msg>
<arg>Chrome</arg>
<doc>Creates an instance of Selenium WebDriver.</doc>
<status status="PASS" start="2024-05-28T11:03:32.964553" elapsed="3.280200"/>
</kw>
<kw name="Go To" owner="SeleniumLibrary">
<msg time="2024-05-28T11:03:36.246754" level="INFO">Opening url 'https://demowebshop.tricentis.com/customer/info'</msg>
<arg>${URL}</arg>
<doc>Navigates the current browser window to the provided ``url``.</doc>
<status status="PASS" start="2024-05-28T11:03:36.245755" elapsed="3.118260"/>
</kw>
<kw name="Maximize Browser Window" owner="SeleniumLibrary">
<doc>Maximizes current browser window.</doc>
<status status="PASS" start="2024-05-28T11:03:39.364015" elapsed="0.664912"/>
</kw>
<kw name="Set Selenium Implicit Wait" owner="SeleniumLibrary">
<arg>5</arg>
<doc>Sets the implicit wait value used by Selenium.</doc>
<status status="PASS" start="2024-05-28T11:03:40.028927" elapsed="0.002001"/>
</kw>
<status status="PASS" start="2024-05-28T11:03:32.963551" elapsed="7.068376"/>
</kw>
<kw name="Click the jewelry element" owner="JewelryResources">
<kw name="Click Element" owner="SeleniumLibrary">
<msg time="2024-05-28T11:03:40.033444" level="INFO">Clicking element 'xpath:(//a[@href='/jewelry'])[1]'.</msg>
<arg>${jewelry_button}</arg>
<doc>Click the element identified by ``locator``.</doc>
<status status="PASS" start="2024-05-28T11:03:40.032436" elapsed="2.522134"/>
</kw>
<status status="PASS" start="2024-05-28T11:03:40.031927" elapsed="2.523643"/>
</kw>
<kw name="Click the sort by dropdown button" owner="JewelryResources">
<kw name="Click Element" owner="SeleniumLibrary">
<msg time="2024-05-28T11:03:42.557572" level="INFO">Clicking element 'xpath://select[@id='products-orderby']'.</msg>
<arg>${click_dropdown}</arg>
<doc>Click the element identified by ``locator``.</doc>
<status status="PASS" start="2024-05-28T11:03:42.556572" elapsed="0.997838"/>
</kw>
<status status="PASS" start="2024-05-28T11:03:42.555570" elapsed="0.998840"/>
</kw>
<kw name="Click low to high option in the dropdown list" owner="JewelryResources">
<kw name="Click Element" owner="SeleniumLibrary">
<msg time="2024-05-28T11:03:43.556412" level="INFO">Clicking element 'xpath:(//select[@id='products-orderby']//option)[4]'.</msg>
<arg>${click_low_to_high}</arg>
<doc>Click the element identified by ``locator``.</doc>
<status status="PASS" start="2024-05-28T11:03:43.555411" elapsed="2.063069"/>
</kw>
<status status="PASS" start="2024-05-28T11:03:43.555411" elapsed="2.064083"/>
</kw>
<kw name="Click A to Z option in the dropdown list" owner="JewelryResources">
<kw name="Click Element" owner="SeleniumLibrary">
<msg time="2024-05-28T11:03:45.621741" level="INFO">Clicking element 'xpath:(//select[@id='products-orderby']//option)[2]'.</msg>
<arg>${click_A_to_Z_product}</arg>
<doc>Click the element identified by ``locator``.</doc>
<status status="PASS" start="2024-05-28T11:03:45.620495" elapsed="1.898987"/>
</kw>
<status status="PASS" start="2024-05-28T11:03:45.619494" elapsed="1.899988"/>
</kw>
<kw name="Click between 0 to 500 range" owner="JewelryResources">
<kw name="Click Link" owner="SeleniumLibrary">
<msg time="2024-05-28T11:03:47.522481" level="INFO">Clicking link 'xpath://a[contains(@href, 'price=0-500')]'.</msg>
<arg>${click_first_range_price}</arg>
<doc>Clicks a link identified by ``locator``.</doc>
<status status="PASS" start="2024-05-28T11:03:47.521482" elapsed="2.479286"/>
</kw>
<status status="PASS" start="2024-05-28T11:03:47.520483" elapsed="2.481285"/>
</kw>
<kw name="Close Browser session" owner="GenericResources" type="TEARDOWN">
<kw name="Close Browser" owner="SeleniumLibrary">
<doc>Closes the current browser.</doc>
<status status="PASS" start="2024-05-28T11:03:50.004309" elapsed="2.289329"/>
</kw>
<status status="PASS" start="2024-05-28T11:03:50.003407" elapsed="2.290231"/>
</kw>
<doc>This test case will validate the price</doc>
<tag>sanity</tag>
<status status="PASS" start="2024-05-28T11:03:32.962552" elapsed="19.331086"/>
</test>
<doc>To validate Profile information</doc>
<status status="PASS" start="2024-05-28T11:03:32.577119" elapsed="19.718527"/>
</suite>
<status status="PASS" start="2024-05-28T11:03:32.545859" elapsed="19.752786"/>
</suite>
<statistics>
<total>
<stat pass="1" fail="0" skip="0">All Tests</stat>
</total>
<tag>
<stat pass="1" fail="0" skip="0">sanity</stat>
</tag>
<suite>
<stat pass="1" fail="0" skip="0" id="s1" name="TestCase">TestCase</stat>
<stat pass="1" fail="0" skip="0" id="s1-s1" name="JewelryTest">TestCase.JewelryTest</stat>
</suite>
</statistics>
<errors>
</errors>
</robot>
