<?xml version="1.0" encoding="UTF-8"?>
<robot generator="Robot 7.0 (Python 3.11.6 on win32)" generated="2024-05-28T11:03:32.552857" rpa="false" schemaversion="5">
<suite id="s1" name="TestCase" source="E:\Project\DemoWebShop\TestCase">
<suite id="s1-s1" name="MyAccountTest CustomerAddress" source="E:\Project\DemoWebShop\TestCase\MyAccountTest_CustomerAddress.robot">
<test id="s1-s1-t1" name="Validate the Customer Address" line="22">
<kw name="Open the Browser with url" owner="GenericResources" type="SETUP">
<kw name="Create Webdriver" owner="SeleniumLibrary">
<msg time="2024-05-28T11:03:36.356912" level="INFO">Creating an instance of the Chrome WebDriver.</msg>
<arg>Chrome</arg>
<doc>Creates an instance of Selenium WebDriver.</doc>
<status status="PASS" start="2024-05-28T11:03:36.355909" elapsed="4.715799"/>
</kw>
<kw name="Go To" owner="SeleniumLibrary">
<msg time="2024-05-28T11:03:41.072708" level="INFO">Opening url 'https://demowebshop.tricentis.com/customer/info'</msg>
<arg>${URL}</arg>
<doc>Navigates the current browser window to the provided ``url``.</doc>
<status status="PASS" start="2024-05-28T11:03:41.072708" elapsed="2.683983"/>
</kw>
<kw name="Maximize Browser Window" owner="SeleniumLibrary">
<doc>Maximizes current browser window.</doc>
<status status="PASS" start="2024-05-28T11:03:43.757693" elapsed="0.630230"/>
</kw>
<kw name="Set Selenium Implicit Wait" owner="SeleniumLibrary">
<arg>5</arg>
<doc>Sets the implicit wait value used by Selenium.</doc>
<status status="PASS" start="2024-05-28T11:03:44.387923" elapsed="0.003001"/>
</kw>
<status status="PASS" start="2024-05-28T11:03:36.354910" elapsed="8.037014"/>
</kw>
<kw name="Validate the Customer Address">
<kw name="Fill login email" owner="MyAccountResources">
<kw name="Input Text" owner="SeleniumLibrary">
<msg time="2024-05-28T11:03:44.394924" level="INFO">Typing text 'narayanasamy04082002@gmail.com' into text field 'xpath://input[@id='Email']'.</msg>
<arg>${login_email}</arg>
<arg>narayanasamy04082002@gmail.com</arg>
<doc>Types the given ``text`` into the text field identified by ``locator``.</doc>
<status status="PASS" start="2024-05-28T11:03:44.394924" elapsed="2.612877"/>
</kw>
<kw name="Input Text" owner="SeleniumLibrary">
<msg time="2024-05-28T11:03:47.009804" level="INFO">Typing text 'narayana' into text field 'xpath://input[@id='Password']'.</msg>
<arg>${login_pass}</arg>
<arg>narayana</arg>
<doc>Types the given ``text`` into the text field identified by ``locator``.</doc>
<status status="PASS" start="2024-05-28T11:03:47.008805" elapsed="1.906067"/>
</kw>
<kw name="Click Button" owner="SeleniumLibrary">
<msg time="2024-05-28T11:03:48.915874" level="INFO">Clicking button 'xpath://input[@value='Log in']'.</msg>
<arg>${login_btn}</arg>
<doc>Clicks the button identified by ``locator``.</doc>
<status status="PASS" start="2024-05-28T11:03:48.915874" elapsed="2.284030"/>
</kw>
<status status="PASS" start="2024-05-28T11:03:44.393929" elapsed="6.806977"/>
</kw>
<kw name="Click the addresses button" owner="MyAccountResources">
<kw name="Click Element" owner="SeleniumLibrary">
<msg time="2024-05-28T11:03:51.202905" level="INFO">Clicking element 'xpath:(//a[text()='Addresses'])[1]'.</msg>
<arg>${addresses_path}</arg>
<doc>Click the element identified by ``locator``.</doc>
<status status="PASS" start="2024-05-28T11:03:51.201904" elapsed="1.282464"/>
</kw>
<status status="PASS" start="2024-05-28T11:03:51.200906" elapsed="1.283462"/>
</kw>
<kw name="Click new address button in the address page" owner="MyAccountResources">
<kw name="Click Button" owner="SeleniumLibrary">
<msg time="2024-05-28T11:03:52.486369" level="INFO">Clicking button 'css:input[class='button-1 add-address-button']'.</msg>
<arg>${click_button_path}</arg>
<doc>Clicks the button identified by ``locator``.</doc>
<status status="PASS" start="2024-05-28T11:03:52.486369" elapsed="0.831644"/>
</kw>
<status status="PASS" start="2024-05-28T11:03:52.485370" elapsed="0.832643"/>
</kw>
<kw name="Check whether the Add new address is visible" owner="MyAccountResources">
<kw name="Click Element" owner="SeleniumLibrary">
<msg time="2024-05-28T11:03:53.320014" level="INFO">Clicking element 'xpath://input[@id='Address_City']'.</msg>
<arg>${add_city}</arg>
<doc>Click the element identified by ``locator``.</doc>
<status status="PASS" start="2024-05-28T11:03:53.320014" elapsed="0.107454"/>
</kw>
<status status="PASS" start="2024-05-28T11:03:53.319017" elapsed="0.108451"/>
</kw>
<kw name="Enter the first name in the company field" owner="MyAccountResources">
<kw name="Input Text" owner="SeleniumLibrary">
<msg time="2024-05-28T11:03:53.429466" level="INFO">Typing text 'narayana' into text field 'xpath://input[@id='Address_FirstName']'.</msg>
<arg>${add_firstname}</arg>
<arg>${firstname1}</arg>
<doc>Types the given ``text`` into the text field identified by ``locator``.</doc>
<status status="PASS" start="2024-05-28T11:03:53.429466" elapsed="0.202790"/>
</kw>
<arg>${_firstname}</arg>
<status status="PASS" start="2024-05-28T11:03:53.428468" elapsed="0.203788"/>
</kw>
<kw name="Enter the last name in the company field" owner="MyAccountResources">
<kw name="Input Text" owner="SeleniumLibrary">
<msg time="2024-05-28T11:03:53.634259" level="INFO">Typing text 'samy' into text field 'xpath://input[@id='Address_LastName']'.</msg>
<arg>${add_lastname}</arg>
<arg>${lastname1}</arg>
<doc>Types the given ``text`` into the text field identified by ``locator``.</doc>
<status status="PASS" start="2024-05-28T11:03:53.634259" elapsed="0.152984"/>
</kw>
<arg>${_lastname}</arg>
<status status="PASS" start="2024-05-28T11:03:53.633256" elapsed="0.153987"/>
</kw>
<kw name="Enter the email in the company field" owner="MyAccountResources">
<kw name="Input Text" owner="SeleniumLibrary">
<msg time="2024-05-28T11:03:53.789261" level="INFO">Typing text 'narayanasamy04082002@gmail.com' into text field 'xpath://input[@id='Address_Email']'.</msg>
<arg>${add_email}</arg>
<arg>${email1}</arg>
<doc>Types the given ``text`` into the text field identified by ``locator``.</doc>
<status status="PASS" start="2024-05-28T11:03:53.789261" elapsed="0.270735"/>
</kw>
<arg>${_email}</arg>
<status status="PASS" start="2024-05-28T11:03:53.788259" elapsed="0.271737"/>
</kw>
<kw name="Enter company in the company field" owner="MyAccountResources">
<kw name="Input Text" owner="SeleniumLibrary">
<msg time="2024-05-28T11:03:54.062991" level="INFO">Typing text 'expleo' into text field 'xpath://input[@id='Address_Company']'.</msg>
<arg>${add_company}</arg>
<arg>${company}</arg>
<doc>Types the given ``text`` into the text field identified by ``locator``.</doc>
<status status="PASS" start="2024-05-28T11:03:54.061991" elapsed="0.291473"/>
</kw>
<arg>${_company}</arg>
<status status="PASS" start="2024-05-28T11:03:54.060996" elapsed="0.292468"/>
</kw>
<kw name="Click country in the dropdown" owner="MyAccountResources">
<kw name="Click Element" owner="SeleniumLibrary">
<msg time="2024-05-28T11:03:54.356272" level="INFO">Clicking element 'xpath://select[@id='Address_CountryId']'.</msg>
<arg>${add_country}</arg>
<doc>Click the element identified by ``locator``.</doc>
<status status="PASS" start="2024-05-28T11:03:54.354743" elapsed="0.240327"/>
</kw>
<status status="PASS" start="2024-05-28T11:03:54.353464" elapsed="0.241606"/>
</kw>
<kw name="Select country in the dropdown" owner="MyAccountResources">
<kw name="Click Element" owner="SeleniumLibrary">
<msg time="2024-05-28T11:03:54.597069" level="INFO">Clicking element 'xpath://option[@value='41']'.</msg>
<arg>${select_country}</arg>
<doc>Click the element identified by ``locator``.</doc>
<status status="PASS" start="2024-05-28T11:03:54.596072" elapsed="0.078336"/>
</kw>
<status status="PASS" start="2024-05-28T11:03:54.595070" elapsed="0.079338"/>
</kw>
<kw name="Enter city in the city text field" owner="MyAccountResources">
<kw name="Input Text" owner="SeleniumLibrary">
<msg time="2024-05-28T11:03:54.679989" level="INFO">Typing text 'salem' into text field 'xpath://input[@id='Address_City']'.</msg>
<arg>${add_city}</arg>
<arg>${city}</arg>
<doc>Types the given ``text`` into the text field identified by ``locator``.</doc>
<status status="PASS" start="2024-05-28T11:03:54.677451" elapsed="0.283255"/>
</kw>
<arg>${_city}</arg>
<status status="PASS" start="2024-05-28T11:03:54.675401" elapsed="0.285305"/>
</kw>
<kw name="Enter address1 in the address field" owner="MyAccountResources">
<kw name="Input Text" owner="SeleniumLibrary">
<msg time="2024-05-28T11:03:54.962288" level="INFO">Typing text '2-25 erusa street' into text field 'xpath://input[@id='Address_Address1']'.</msg>
<arg>${add_address}</arg>
<arg>${address}</arg>
<doc>Types the given ``text`` into the text field identified by ``locator``.</doc>
<status status="PASS" start="2024-05-28T11:03:54.962288" elapsed="0.213634"/>
</kw>
<arg>${_address}</arg>
<status status="PASS" start="2024-05-28T11:03:54.960706" elapsed="0.216724"/>
</kw>
<kw name="Enter zip or postal number in the field" owner="MyAccountResources">
<kw name="Input Text" owner="SeleniumLibrary">
<msg time="2024-05-28T11:03:55.179440" level="INFO">Typing text '123456' into text field 'xpath://input[@id='Address_ZipPostalCode']'.</msg>
<arg>${add_zip}</arg>
<arg>${zip}</arg>
<doc>Types the given ``text`` into the text field identified by ``locator``.</doc>
<status status="PASS" start="2024-05-28T11:03:55.178439" elapsed="0.163135"/>
</kw>
<arg>${_zip}</arg>
<status status="PASS" start="2024-05-28T11:03:55.177430" elapsed="0.164144"/>
</kw>
<kw name="Enter phone number in the phone number field" owner="MyAccountResources">
<kw name="Input Text" owner="SeleniumLibrary">
<msg time="2024-05-28T11:03:55.343573" level="INFO">Typing text '7766554433' into text field 'xpath://input[@id='Address_PhoneNumber']'.</msg>
<arg>${add_phonenumber}</arg>
<arg>${phone}</arg>
<doc>Types the given ``text`` into the text field identified by ``locator``.</doc>
<status status="PASS" start="2024-05-28T11:03:55.343573" elapsed="0.245260"/>
</kw>
<arg>${_phone}</arg>
<status status="PASS" start="2024-05-28T11:03:55.342594" elapsed="0.247242"/>
</kw>
<kw name="Click save button" owner="MyAccountResources">
<kw name="Click Button" owner="SeleniumLibrary">
<msg time="2024-05-28T11:03:55.591840" level="INFO">Clicking button 'xpath://input[@value='Save']'.</msg>
<arg>${save_path}</arg>
<doc>Clicks the button identified by ``locator``.</doc>
<status status="PASS" start="2024-05-28T11:03:55.590849" elapsed="1.483673"/>
</kw>
<status status="PASS" start="2024-05-28T11:03:55.589836" elapsed="1.484686"/>
</kw>
<arg>_firstname=narayana</arg>
<arg>_lastname=samy</arg>
<arg>_email=narayanasamy04082002@gmail.com</arg>
<arg>_company=expleo</arg>
<arg>_city=salem</arg>
<arg>_address=2-25 erusa street</arg>
<arg>_zip=123456</arg>
<arg>_phone=7766554433</arg>
<doc>This test case will validate the customer address</doc>
<status status="PASS" start="2024-05-28T11:03:44.391924" elapsed="12.684107"/>
</kw>
<kw name="Close Browser session" owner="GenericResources" type="TEARDOWN">
<kw name="Close Browser" owner="SeleniumLibrary">
<doc>Closes the current browser.</doc>
<status status="PASS" start="2024-05-28T11:03:57.077039" elapsed="2.412746"/>
</kw>
<status status="PASS" start="2024-05-28T11:03:57.076031" elapsed="2.413754"/>
</kw>
<status status="PASS" start="2024-05-28T11:03:36.350845" elapsed="23.139938"/>
</test>
<doc>To validate customer address information</doc>
<status status="PASS" start="2024-05-28T11:03:32.606298" elapsed="26.885484"/>
</suite>
<status status="PASS" start="2024-05-28T11:03:32.577119" elapsed="26.918659"/>
</suite>
<statistics>
<total>
<stat pass="1" fail="0" skip="0">All Tests</stat>
</total>
<tag>
</tag>
<suite>
<stat pass="1" fail="0" skip="0" id="s1" name="TestCase">TestCase</stat>
<stat pass="1" fail="0" skip="0" id="s1-s1" name="MyAccountTest CustomerAddress">TestCase.MyAccountTest CustomerAddress</stat>
</suite>
</statistics>
<errors>
<msg time="2024-05-28T11:03:36.343845" level="ERROR">Connection to remote server broken: [WinError 10061] No connection could be made because the target machine actively refused it</msg>
<msg time="2024-05-28T11:03:36.344845" level="ERROR">Unable to connect to PabotLib via '127.0.0.1:8270'! Is PabotLib in use? Try 'pabot --pabotlib'</msg>
<msg time="2024-05-28T11:03:36.344845" level="ERROR">Execution as been processes without --testlevelsplit</msg>
</errors>
</robot>
