<?xml version="1.0" encoding="UTF-8"?>
<robot generator="Robot 7.0 (Python 3.11.6 on win32)" generated="2024-05-28T15:15:45.602633" rpa="false" schemaversion="5">
<suite id="s1" name="DemoWebShop" source="E:\Project\DemoWebShop">
<suite id="s1-s1" name="Resources" source="E:\Project\DemoWebShop\Resources">
<suite id="s1-s1-s1" name="DemoWebShop Team4" source="E:\Project\DemoWebShop\Resources\PilotProject__DemoWebShop_Team4">
<suite id="s1-s1-s1-s1" name="TestCase" source="E:\Project\DemoWebShop\Resources\PilotProject__DemoWebShop_Team4\TestCase">
<suite id="s1-s1-s1-s1-s1" name="JewelryTest" source="E:\Project\DemoWebShop\Resources\PilotProject__DemoWebShop_Team4\TestCase\JewelryTest.robot">
<test id="s1-s1-s1-s1-s1-t1" name="Validate the jewelry functionality" line="11">
<kw name="Open the Browser with url" type="SETUP">
<msg time="2024-05-28T15:15:45.941120" level="FAIL">No keyword with name 'Open the Browser with url' found. Did you try using keyword 'GenericResources.open the browser' and forgot to use enough whitespace between keyword and arguments?</msg>
<status status="FAIL" start="2024-05-28T15:15:45.941120" elapsed="0.000000">No keyword with name 'Open the Browser with url' found. Did you try using keyword 'GenericResources.open the browser' and forgot to use enough whitespace between keyword and arguments?</status>
</kw>
<kw name="close browser session" owner="GenericResources" type="TEARDOWN">
<kw name="Close Browser" owner="SeleniumLibrary">
<doc>Closes the current browser.</doc>
<status status="PASS" start="2024-05-28T15:15:45.943119" elapsed="0.000000"/>
</kw>
<status status="PASS" start="2024-05-28T15:15:45.942122" elapsed="0.000997"/>
</kw>
<doc>This test case will validate the sort by functionality</doc>
<status status="FAIL" start="2024-05-28T15:15:45.936110" elapsed="0.007009">Setup failed:
No keyword with name 'Open the Browser with url' found. Did you try using keyword 'GenericResources.open the browser' and forgot to use enough whitespace between keyword and arguments?</status>
</test>
<test id="s1-s1-s1-s1-s1-t2" name="Validate the jewelry functionality without filtering" line="20">
<kw name="Open the Browser with url" type="SETUP">
<msg time="2024-05-28T15:15:45.947146" level="FAIL">No keyword with name 'Open the Browser with url' found. Did you try using keyword 'GenericResources.open the browser' and forgot to use enough whitespace between keyword and arguments?</msg>
<status status="FAIL" start="2024-05-28T15:15:45.947146" elapsed="0.000000">No keyword with name 'Open the Browser with url' found. Did you try using keyword 'GenericResources.open the browser' and forgot to use enough whitespace between keyword and arguments?</status>
</kw>
<kw name="close browser session" owner="GenericResources" type="TEARDOWN">
<kw name="Close Browser" owner="SeleniumLibrary">
<doc>Closes the current browser.</doc>
<status status="PASS" start="2024-05-28T15:15:45.948121" elapsed="0.000000"/>
</kw>
<status status="PASS" start="2024-05-28T15:15:45.948121" elapsed="0.000000"/>
</kw>
<doc>This test case will validate that without sort by product</doc>
<status status="FAIL" start="2024-05-28T15:15:45.944117" elapsed="0.004004">Setup failed:
No keyword with name 'Open the Browser with url' found. Did you try using keyword 'GenericResources.open the browser' and forgot to use enough whitespace between keyword and arguments?</status>
</test>
<test id="s1-s1-s1-s1-s1-t3" name="Validate the jewelry functionality with filtering all product" line="26">
<kw name="Open the Browser with url" type="SETUP">
<msg time="2024-05-28T15:15:45.952590" level="FAIL">No keyword with name 'Open the Browser with url' found. Did you try using keyword 'GenericResources.open the browser' and forgot to use enough whitespace between keyword and arguments?</msg>
<status status="FAIL" start="2024-05-28T15:15:45.952590" elapsed="0.000000">No keyword with name 'Open the Browser with url' found. Did you try using keyword 'GenericResources.open the browser' and forgot to use enough whitespace between keyword and arguments?</status>
</kw>
<kw name="close browser session" owner="GenericResources" type="TEARDOWN">
<kw name="Close Browser" owner="SeleniumLibrary">
<doc>Closes the current browser.</doc>
<status status="PASS" start="2024-05-28T15:15:45.952590" elapsed="0.000000"/>
</kw>
<status status="PASS" start="2024-05-28T15:15:45.952590" elapsed="0.000000"/>
</kw>
<doc>This test case will validate that product</doc>
<status status="FAIL" start="2024-05-28T15:15:45.948121" elapsed="0.004469">Setup failed:
No keyword with name 'Open the Browser with url' found. Did you try using keyword 'GenericResources.open the browser' and forgot to use enough whitespace between keyword and arguments?</status>
</test>
<test id="s1-s1-s1-s1-s1-t4" name="Validate the jewelry with add to cart" line="42">
<kw name="Open the Browser with url" type="SETUP">
<msg time="2024-05-28T15:15:45.956591" level="FAIL">No keyword with name 'Open the Browser with url' found. Did you try using keyword 'GenericResources.open the browser' and forgot to use enough whitespace between keyword and arguments?</msg>
<status status="FAIL" start="2024-05-28T15:15:45.956591" elapsed="0.000000">No keyword with name 'Open the Browser with url' found. Did you try using keyword 'GenericResources.open the browser' and forgot to use enough whitespace between keyword and arguments?</status>
</kw>
<kw name="close browser session" owner="GenericResources" type="TEARDOWN">
<kw name="Close Browser" owner="SeleniumLibrary">
<doc>Closes the current browser.</doc>
<status status="PASS" start="2024-05-28T15:15:45.957590" elapsed="0.000000"/>
</kw>
<status status="PASS" start="2024-05-28T15:15:45.956591" elapsed="0.000999"/>
</kw>
<doc>This test case will validate that product with add to cart</doc>
<status status="FAIL" start="2024-05-28T15:15:45.953591" elapsed="0.003999">Setup failed:
No keyword with name 'Open the Browser with url' found. Did you try using keyword 'GenericResources.open the browser' and forgot to use enough whitespace between keyword and arguments?</status>
</test>
<test id="s1-s1-s1-s1-s1-t5" name="Validate the price with range" line="52">
<kw name="Open the Browser with url" type="SETUP">
<msg time="2024-05-28T15:15:45.960589" level="FAIL">No keyword with name 'Open the Browser with url' found. Did you try using keyword 'GenericResources.open the browser' and forgot to use enough whitespace between keyword and arguments?</msg>
<status status="FAIL" start="2024-05-28T15:15:45.960589" elapsed="0.000000">No keyword with name 'Open the Browser with url' found. Did you try using keyword 'GenericResources.open the browser' and forgot to use enough whitespace between keyword and arguments?</status>
</kw>
<kw name="close browser session" owner="GenericResources" type="TEARDOWN">
<kw name="Close Browser" owner="SeleniumLibrary">
<doc>Closes the current browser.</doc>
<status status="PASS" start="2024-05-28T15:15:45.960589" elapsed="0.000000"/>
</kw>
<status status="PASS" start="2024-05-28T15:15:45.960589" elapsed="0.000000"/>
</kw>
<doc>This test case will validate the price</doc>
<status status="FAIL" start="2024-05-28T15:15:45.957590" elapsed="0.002999">Setup failed:
No keyword with name 'Open the Browser with url' found. Did you try using keyword 'GenericResources.open the browser' and forgot to use enough whitespace between keyword and arguments?</status>
</test>
<doc>To validate Profile information</doc>
<status status="FAIL" start="2024-05-28T15:15:45.638481" elapsed="0.323110"/>
</suite>
<suite id="s1-s1-s1-s1-s2" name="MyAccountTest" source="E:\Project\DemoWebShop\Resources\PilotProject__DemoWebShop_Team4\TestCase\MyAccountTest.robot">
<test id="s1-s1-s1-s1-s2-t1" name="Profile test template" line="25">
<kw name="Open the Browser with url" type="SETUP">
<msg time="2024-05-28T15:15:46.946851" level="FAIL">No keyword with name 'Open the Browser with url' found. Did you try using keyword 'GenericResources.open the browser' and forgot to use enough whitespace between keyword and arguments?</msg>
<status status="FAIL" start="2024-05-28T15:15:46.946851" elapsed="0.000000">No keyword with name 'Open the Browser with url' found. Did you try using keyword 'GenericResources.open the browser' and forgot to use enough whitespace between keyword and arguments?</status>
</kw>
<kw name="close browser session" owner="GenericResources" type="TEARDOWN">
<kw name="Close Browser" owner="SeleniumLibrary">
<doc>Closes the current browser.</doc>
<status status="PASS" start="2024-05-28T15:15:46.946851" elapsed="0.001001"/>
</kw>
<status status="PASS" start="2024-05-28T15:15:46.946851" elapsed="0.001001"/>
</kw>
<status status="FAIL" start="2024-05-28T15:15:46.941857" elapsed="0.005995">Setup failed:
No keyword with name 'Open the Browser with url' found. Did you try using keyword 'GenericResources.open the browser' and forgot to use enough whitespace between keyword and arguments?</status>
</test>
<doc>To validate Profile information</doc>
<status status="FAIL" start="2024-05-28T15:15:45.962591" elapsed="0.985261"/>
</suite>
<suite id="s1-s1-s1-s1-s3" name="MyAccountTest BackInStockSubscriptions" source="E:\Project\DemoWebShop\Resources\PilotProject__DemoWebShop_Team4\TestCase\MyAccountTest_BackInStockSubscriptions.robot">
<test id="s1-s1-s1-s1-s3-t1" name="Validate the back in stock subscriptions" line="10">
<kw name="Open the Browser with url" owner="GenericResources" type="SETUP">
<kw name="Create Webdriver" owner="SeleniumLibrary">
<msg time="2024-05-28T15:15:46.965094" level="INFO">Creating an instance of the Chrome WebDriver.</msg>
<arg>Chrome</arg>
<doc>Creates an instance of Selenium WebDriver.</doc>
<status status="PASS" start="2024-05-28T15:15:46.965094" elapsed="1.911829"/>
</kw>
<kw name="Go To" owner="SeleniumLibrary">
<msg time="2024-05-28T15:15:48.876923" level="INFO">Opening url 'https://demowebshop.tricentis.com/customer/info'</msg>
<arg>${URL}</arg>
<doc>Navigates the current browser window to the provided ``url``.</doc>
<status status="PASS" start="2024-05-28T15:15:48.876923" elapsed="3.154438"/>
</kw>
<kw name="Maximize Browser Window" owner="SeleniumLibrary">
<doc>Maximizes current browser window.</doc>
<status status="PASS" start="2024-05-28T15:15:52.031361" elapsed="0.048884"/>
</kw>
<kw name="Set Selenium Implicit Wait" owner="SeleniumLibrary">
<arg>5</arg>
<doc>Sets the implicit wait value used by Selenium.</doc>
<status status="PASS" start="2024-05-28T15:15:52.081240" elapsed="0.002527"/>
</kw>
<status status="PASS" start="2024-05-28T15:15:46.965094" elapsed="5.118673"/>
</kw>
<kw name="Fill login email" owner="MyAccountResources">
<kw name="Input Text" owner="SeleniumLibrary">
<msg time="2024-05-28T15:15:52.084822" level="INFO">Typing text 'narayanasamy04082002@gmail.com' into text field 'xpath://input[@id='Email']'.</msg>
<arg>${login_email}</arg>
<arg>narayanasamy04082002@gmail.com</arg>
<doc>Types the given ``text`` into the text field identified by ``locator``.</doc>
<status status="PASS" start="2024-05-28T15:15:52.083767" elapsed="0.208591"/>
</kw>
<kw name="Input Text" owner="SeleniumLibrary">
<msg time="2024-05-28T15:15:52.293357" level="INFO">Typing text 'narayana' into text field 'xpath://input[@id='Password']'.</msg>
<arg>${login_pass}</arg>
<arg>narayana</arg>
<doc>Types the given ``text`` into the text field identified by ``locator``.</doc>
<status status="PASS" start="2024-05-28T15:15:52.292358" elapsed="0.135045"/>
</kw>
<kw name="Click Button" owner="SeleniumLibrary">
<msg time="2024-05-28T15:15:52.428405" level="INFO">Clicking button 'xpath://input[@value='Log in']'.</msg>
<arg>${login_btn}</arg>
<doc>Clicks the button identified by ``locator``.</doc>
<status status="PASS" start="2024-05-28T15:15:52.428405" elapsed="0.996673"/>
</kw>
<status status="PASS" start="2024-05-28T15:15:52.083767" elapsed="1.342313"/>
</kw>
<kw name="Click the back in stock subscriptions button" owner="MyAccountResources">
<kw name="Click Element" owner="SeleniumLibrary">
<msg time="2024-05-28T15:15:53.427178" level="INFO">Clicking element 'xpath://a[text()='Back in stock subscriptions']'.</msg>
<arg>${back_in_subscription}</arg>
<doc>Click the element identified by ``locator``.</doc>
<status status="PASS" start="2024-05-28T15:15:53.427178" elapsed="0.742472"/>
</kw>
<status status="PASS" start="2024-05-28T15:15:53.426080" elapsed="0.744588"/>
</kw>
<kw name="Check whether Back in stock subscriptions is visible" owner="MyAccountResources">
<kw name="Element Should Be Visible" owner="SeleniumLibrary">
<msg time="2024-05-28T15:15:54.279230" level="INFO">Element 'xpath://h1[text()='My account - Back in stock subscriptions']' is displayed.</msg>
<arg>${back_in_subscription_text}</arg>
<doc>Verifies that the element identified by ``locator`` is visible.</doc>
<status status="PASS" start="2024-05-28T15:15:54.171660" elapsed="0.107570"/>
</kw>
<status status="PASS" start="2024-05-28T15:15:54.170668" elapsed="0.108562"/>
</kw>
<kw name="Close Browser session" owner="GenericResources" type="TEARDOWN">
<kw name="Close Browser" owner="SeleniumLibrary">
<doc>Closes the current browser.</doc>
<status status="PASS" start="2024-05-28T15:15:54.280220" elapsed="2.153286"/>
</kw>
<status status="PASS" start="2024-05-28T15:15:54.279230" elapsed="2.154276"/>
</kw>
<status status="PASS" start="2024-05-28T15:15:46.964133" elapsed="9.470514"/>
</test>
<doc>To validate back in stock subscriptions</doc>
<status status="PASS" start="2024-05-28T15:15:46.948849" elapsed="9.487695"/>
</suite>
<suite id="s1-s1-s1-s1-s4" name="MyAccountTest ChangePassword" source="E:\Project\DemoWebShop\Resources\PilotProject__DemoWebShop_Team4\TestCase\MyAccountTest_ChangePassword.robot">
<test id="s1-s1-s1-s1-s4-t1" name="Validate the change password" line="11">
<kw name="Open the Browser with url" owner="GenericResources" type="SETUP">
<kw name="Create Webdriver" owner="SeleniumLibrary">
<msg time="2024-05-28T15:15:56.450651" level="INFO">Creating an instance of the Chrome WebDriver.</msg>
<arg>Chrome</arg>
<doc>Creates an instance of Selenium WebDriver.</doc>
<status status="PASS" start="2024-05-28T15:15:56.450651" elapsed="1.529700"/>
</kw>
<kw name="Go To" owner="SeleniumLibrary">
<msg time="2024-05-28T15:15:57.980351" level="INFO">Opening url 'https://demowebshop.tricentis.com/customer/info'</msg>
<arg>${URL}</arg>
<doc>Navigates the current browser window to the provided ``url``.</doc>
<status status="PASS" start="2024-05-28T15:15:57.980351" elapsed="1.772517"/>
</kw>
<kw name="Maximize Browser Window" owner="SeleniumLibrary">
<doc>Maximizes current browser window.</doc>
<status status="PASS" start="2024-05-28T15:15:59.753873" elapsed="1.992799"/>
</kw>
<kw name="Set Selenium Implicit Wait" owner="SeleniumLibrary">
<arg>5</arg>
<doc>Sets the implicit wait value used by Selenium.</doc>
<status status="PASS" start="2024-05-28T15:16:01.747669" elapsed="0.002986"/>
</kw>
<status status="PASS" start="2024-05-28T15:15:56.449539" elapsed="5.301116"/>
</kw>
<kw name="Fill login email" owner="MyAccountResources">
<kw name="Input Text" owner="SeleniumLibrary">
<msg time="2024-05-28T15:16:01.752658" level="INFO">Typing text 'narayanasamy04082002@gmail.com' into text field 'xpath://input[@id='Email']'.</msg>
<arg>${login_email}</arg>
<arg>narayanasamy04082002@gmail.com</arg>
<doc>Types the given ``text`` into the text field identified by ``locator``.</doc>
<status status="PASS" start="2024-05-28T15:16:01.751680" elapsed="0.227520"/>
</kw>
<kw name="Input Text" owner="SeleniumLibrary">
<msg time="2024-05-28T15:16:01.980324" level="INFO">Typing text 'narayana' into text field 'xpath://input[@id='Password']'.</msg>
<arg>${login_pass}</arg>
<arg>narayana</arg>
<doc>Types the given ``text`` into the text field identified by ``locator``.</doc>
<status status="PASS" start="2024-05-28T15:16:01.980324" elapsed="0.140901"/>
</kw>
<kw name="Click Button" owner="SeleniumLibrary">
<msg time="2024-05-28T15:16:02.122212" level="INFO">Clicking button 'xpath://input[@value='Log in']'.</msg>
<arg>${login_btn}</arg>
<doc>Clicks the button identified by ``locator``.</doc>
<status status="PASS" start="2024-05-28T15:16:02.122212" elapsed="1.033899"/>
</kw>
<status status="PASS" start="2024-05-28T15:16:01.751680" elapsed="1.405429"/>
</kw>
<kw name="Click change password button" owner="MyAccountResources">
<kw name="Click Element" owner="SeleniumLibrary">
<msg time="2024-05-28T15:16:03.159214" level="INFO">Clicking element 'xpath://a[text()='Change password']'.</msg>
<arg>${change_password_path}</arg>
<doc>Click the element identified by ``locator``.</doc>
<status status="PASS" start="2024-05-28T15:16:03.158111" elapsed="0.663569"/>
</kw>
<status status="PASS" start="2024-05-28T15:16:03.158111" elapsed="0.663569"/>
</kw>
<kw name="Check whether Change password is visible" owner="MyAccountResources">
<kw name="Element Should Be Visible" owner="SeleniumLibrary">
<msg time="2024-05-28T15:16:03.850132" level="INFO">Element 'xpath://h1[text()='My account - Change password']' is displayed.</msg>
<arg>${visible_change_password}</arg>
<doc>Verifies that the element identified by ``locator`` is visible.</doc>
<status status="PASS" start="2024-05-28T15:16:03.822681" elapsed="0.027451"/>
</kw>
<status status="PASS" start="2024-05-28T15:16:03.821680" elapsed="0.028452"/>
</kw>
<kw name="Enter old password in the old password field" owner="MyAccountResources">
<kw name="Input Text" owner="SeleniumLibrary">
<msg time="2024-05-28T15:16:03.852402" level="INFO">Typing text 'narayana' into text field 'xpath://input[@id='OldPassword']'.</msg>
<arg>${old_password_path}</arg>
<arg>narayana</arg>
<doc>Types the given ``text`` into the text field identified by ``locator``.</doc>
<status status="PASS" start="2024-05-28T15:16:03.851096" elapsed="0.155982"/>
</kw>
<status status="PASS" start="2024-05-28T15:16:03.851096" elapsed="0.155982"/>
</kw>
<kw name="Enter new password in the new password field" owner="MyAccountResources">
<kw name="Input Text" owner="SeleniumLibrary">
<msg time="2024-05-28T15:16:04.008076" level="INFO">Typing text 'narayana' into text field 'xpath://input[@id='NewPassword']'.</msg>
<arg>${new_password_path}</arg>
<arg>narayana</arg>
<doc>Types the given ``text`` into the text field identified by ``locator``.</doc>
<status status="PASS" start="2024-05-28T15:16:04.008076" elapsed="0.160226"/>
</kw>
<status status="PASS" start="2024-05-28T15:16:04.007078" elapsed="0.161224"/>
</kw>
<kw name="Enter confirm password in the confirm password field" owner="MyAccountResources">
<kw name="Input Text" owner="SeleniumLibrary">
<msg time="2024-05-28T15:16:04.169653" level="INFO">Typing text 'narayana' into text field 'xpath://input[@id='ConfirmNewPassword']'.</msg>
<arg>${confirm_new_password_path}</arg>
<arg>narayana</arg>
<doc>Types the given ``text`` into the text field identified by ``locator``.</doc>
<status status="PASS" start="2024-05-28T15:16:04.169653" elapsed="0.139985"/>
</kw>
<status status="PASS" start="2024-05-28T15:16:04.168302" elapsed="0.142343"/>
</kw>
<kw name="Click change password button" owner="MyAccountResources">
<kw name="Click Element" owner="SeleniumLibrary">
<msg time="2024-05-28T15:16:04.310645" level="INFO">Clicking element 'xpath://a[text()='Change password']'.</msg>
<arg>${change_password_path}</arg>
<doc>Click the element identified by ``locator``.</doc>
<status status="PASS" start="2024-05-28T15:16:04.310645" elapsed="0.485706"/>
</kw>
<status status="PASS" start="2024-05-28T15:16:04.310645" elapsed="0.486956"/>
</kw>
<kw name="Check whether Password was changed is visible" owner="MyAccountResources">
<kw name="Element Should Be Visible" owner="SeleniumLibrary">
<msg time="2024-05-28T15:16:04.830014" level="INFO">Element 'xpath://h1[text()='My account - Change password']' is displayed.</msg>
<arg>${visible_change_password}</arg>
<doc>Verifies that the element identified by ``locator`` is visible.</doc>
<status status="PASS" start="2024-05-28T15:16:04.798672" elapsed="0.031342"/>
</kw>
<status status="PASS" start="2024-05-28T15:16:04.797601" elapsed="0.033401"/>
</kw>
<kw name="Close Browser session" owner="GenericResources" type="TEARDOWN">
<kw name="Close Browser" owner="SeleniumLibrary">
<doc>Closes the current browser.</doc>
<status status="PASS" start="2024-05-28T15:16:04.831908" elapsed="2.186533"/>
</kw>
<status status="PASS" start="2024-05-28T15:16:04.831908" elapsed="2.187669"/>
</kw>
<status status="PASS" start="2024-05-28T15:15:56.449539" elapsed="10.570038"/>
</test>
<doc>To validate change password functionality</doc>
<status status="PASS" start="2024-05-28T15:15:56.437548" elapsed="10.582029"/>
</suite>
<suite id="s1-s1-s1-s1-s5" name="MyAccountTest CustomerAddress" source="E:\Project\DemoWebShop\Resources\PilotProject__DemoWebShop_Team4\TestCase\MyAccountTest_CustomerAddress.robot">
<test id="s1-s1-s1-s1-s5-t1" name="Validate the Customer Address" line="22">
<kw name="Open the Browser with url" owner="GenericResources" type="SETUP">
<kw name="Create Webdriver" owner="SeleniumLibrary">
<msg time="2024-05-28T15:16:07.070691" level="INFO">Creating an instance of the Chrome WebDriver.</msg>
<arg>Chrome</arg>
<doc>Creates an instance of Selenium WebDriver.</doc>
<status status="PASS" start="2024-05-28T15:16:07.069689" elapsed="1.538942"/>
</kw>
<kw name="Go To" owner="SeleniumLibrary">
<msg time="2024-05-28T15:16:08.608631" level="INFO">Opening url 'https://demowebshop.tricentis.com/customer/info'</msg>
<arg>${URL}</arg>
<doc>Navigates the current browser window to the provided ``url``.</doc>
<status status="PASS" start="2024-05-28T15:16:08.608631" elapsed="2.692765"/>
</kw>
<kw name="Maximize Browser Window" owner="SeleniumLibrary">
<doc>Maximizes current browser window.</doc>
<status status="PASS" start="2024-05-28T15:16:11.302399" elapsed="0.054724"/>
</kw>
<kw name="Set Selenium Implicit Wait" owner="SeleniumLibrary">
<arg>5</arg>
<doc>Sets the implicit wait value used by Selenium.</doc>
<status status="PASS" start="2024-05-28T15:16:11.357123" elapsed="0.002000"/>
</kw>
<status status="PASS" start="2024-05-28T15:16:07.069689" elapsed="4.289434"/>
</kw>
<kw name="Validate the Customer Address">
<kw name="Fill login email" owner="MyAccountResources">
<kw name="Input Text" owner="SeleniumLibrary">
<msg time="2024-05-28T15:16:11.361122" level="INFO">Typing text 'narayanasamy04082002@gmail.com' into text field 'xpath://input[@id='Email']'.</msg>
<arg>${login_email}</arg>
<arg>narayanasamy04082002@gmail.com</arg>
<doc>Types the given ``text`` into the text field identified by ``locator``.</doc>
<status status="PASS" start="2024-05-28T15:16:11.361122" elapsed="0.206011"/>
</kw>
<kw name="Input Text" owner="SeleniumLibrary">
<msg time="2024-05-28T15:16:11.568131" level="INFO">Typing text 'narayana' into text field 'xpath://input[@id='Password']'.</msg>
<arg>${login_pass}</arg>
<arg>narayana</arg>
<doc>Types the given ``text`` into the text field identified by ``locator``.</doc>
<status status="PASS" start="2024-05-28T15:16:11.568131" elapsed="0.138623"/>
</kw>
<kw name="Click Button" owner="SeleniumLibrary">
<msg time="2024-05-28T15:16:11.706754" level="INFO">Clicking button 'xpath://input[@value='Log in']'.</msg>
<arg>${login_btn}</arg>
<doc>Clicks the button identified by ``locator``.</doc>
<status status="PASS" start="2024-05-28T15:16:11.706754" elapsed="1.079212"/>
</kw>
<status status="PASS" start="2024-05-28T15:16:11.360124" elapsed="1.425842"/>
</kw>
<kw name="Click the addresses button" owner="MyAccountResources">
<kw name="Click Element" owner="SeleniumLibrary">
<msg time="2024-05-28T15:16:12.787967" level="INFO">Clicking element 'xpath:(//a[text()='Addresses'])[1]'.</msg>
<arg>${addresses_path}</arg>
<doc>Click the element identified by ``locator``.</doc>
<status status="PASS" start="2024-05-28T15:16:12.786967" elapsed="1.183547"/>
</kw>
<status status="PASS" start="2024-05-28T15:16:12.785966" elapsed="1.184548"/>
</kw>
<kw name="Click new address button in the address page" owner="MyAccountResources">
<kw name="Click Button" owner="SeleniumLibrary">
<msg time="2024-05-28T15:16:13.971514" level="INFO">Clicking button 'css:input[class='button-1 add-address-button']'.</msg>
<arg>${click_button_path}</arg>
<doc>Clicks the button identified by ``locator``.</doc>
<status status="PASS" start="2024-05-28T15:16:13.971514" elapsed="0.812028"/>
</kw>
<status status="PASS" start="2024-05-28T15:16:13.971514" elapsed="0.812028"/>
</kw>
<kw name="Check whether the Add new address is visible" owner="MyAccountResources">
<kw name="Click Element" owner="SeleniumLibrary">
<msg time="2024-05-28T15:16:14.784541" level="INFO">Clicking element 'xpath://input[@id='Address_City']'.</msg>
<arg>${add_city}</arg>
<doc>Click the element identified by ``locator``.</doc>
<status status="PASS" start="2024-05-28T15:16:14.784541" elapsed="0.074217"/>
</kw>
<status status="PASS" start="2024-05-28T15:16:14.784541" elapsed="0.075669"/>
</kw>
<kw name="Enter the first name in the company field" owner="MyAccountResources">
<kw name="Input Text" owner="SeleniumLibrary">
<msg time="2024-05-28T15:16:14.860210" level="INFO">Typing text 'narayana' into text field 'xpath://input[@id='Address_FirstName']'.</msg>
<arg>${add_firstname}</arg>
<arg>${firstname1}</arg>
<doc>Types the given ``text`` into the text field identified by ``locator``.</doc>
<status status="PASS" start="2024-05-28T15:16:14.860210" elapsed="0.146320"/>
</kw>
<arg>${_firstname}</arg>
<status status="PASS" start="2024-05-28T15:16:14.860210" elapsed="0.146320"/>
</kw>
<kw name="Enter the last name in the company field" owner="MyAccountResources">
<kw name="Input Text" owner="SeleniumLibrary">
<msg time="2024-05-28T15:16:15.007692" level="INFO">Typing text 'samy' into text field 'xpath://input[@id='Address_LastName']'.</msg>
<arg>${add_lastname}</arg>
<arg>${lastname1}</arg>
<doc>Types the given ``text`` into the text field identified by ``locator``.</doc>
<status status="PASS" start="2024-05-28T15:16:15.007692" elapsed="0.142568"/>
</kw>
<arg>${_lastname}</arg>
<status status="PASS" start="2024-05-28T15:16:15.006530" elapsed="0.143730"/>
</kw>
<kw name="Enter the email in the company field" owner="MyAccountResources">
<kw name="Input Text" owner="SeleniumLibrary">
<msg time="2024-05-28T15:16:15.151261" level="INFO">Typing text 'narayanasamy04082002@gmail.com' into text field 'xpath://input[@id='Address_Email']'.</msg>
<arg>${add_email}</arg>
<arg>${email1}</arg>
<doc>Types the given ``text`` into the text field identified by ``locator``.</doc>
<status status="PASS" start="2024-05-28T15:16:15.151261" elapsed="0.215757"/>
</kw>
<arg>${_email}</arg>
<status status="PASS" start="2024-05-28T15:16:15.150260" elapsed="0.217760"/>
</kw>
<kw name="Enter company in the company field" owner="MyAccountResources">
<kw name="Input Text" owner="SeleniumLibrary">
<msg time="2024-05-28T15:16:15.369015" level="INFO">Typing text 'expleo' into text field 'xpath://input[@id='Address_Company']'.</msg>
<arg>${add_company}</arg>
<arg>${company}</arg>
<doc>Types the given ``text`` into the text field identified by ``locator``.</doc>
<status status="PASS" start="2024-05-28T15:16:15.369015" elapsed="0.134500"/>
</kw>
<arg>${_company}</arg>
<status status="PASS" start="2024-05-28T15:16:15.368020" elapsed="0.135495"/>
</kw>
<kw name="Click country in the dropdown" owner="MyAccountResources">
<kw name="Click Element" owner="SeleniumLibrary">
<msg time="2024-05-28T15:16:15.504765" level="INFO">Clicking element 'xpath://select[@id='Address_CountryId']'.</msg>
<arg>${add_country}</arg>
<doc>Click the element identified by ``locator``.</doc>
<status status="PASS" start="2024-05-28T15:16:15.504765" elapsed="0.133371"/>
</kw>
<status status="PASS" start="2024-05-28T15:16:15.503515" elapsed="0.134621"/>
</kw>
<kw name="Select country in the dropdown" owner="MyAccountResources">
<kw name="Click Element" owner="SeleniumLibrary">
<msg time="2024-05-28T15:16:15.639318" level="INFO">Clicking element 'xpath://option[@value='41']'.</msg>
<arg>${select_country}</arg>
<doc>Click the element identified by ``locator``.</doc>
<status status="PASS" start="2024-05-28T15:16:15.639318" elapsed="0.055141"/>
</kw>
<status status="PASS" start="2024-05-28T15:16:15.638136" elapsed="0.056323"/>
</kw>
<kw name="Enter city in the city text field" owner="MyAccountResources">
<kw name="Input Text" owner="SeleniumLibrary">
<msg time="2024-05-28T15:16:15.696456" level="INFO">Typing text 'salem' into text field 'xpath://input[@id='Address_City']'.</msg>
<arg>${add_city}</arg>
<arg>${city}</arg>
<doc>Types the given ``text`` into the text field identified by ``locator``.</doc>
<status status="PASS" start="2024-05-28T15:16:15.695459" elapsed="0.124733"/>
</kw>
<arg>${_city}</arg>
<status status="PASS" start="2024-05-28T15:16:15.695459" elapsed="0.124733"/>
</kw>
<kw name="Enter address1 in the address field" owner="MyAccountResources">
<kw name="Input Text" owner="SeleniumLibrary">
<msg time="2024-05-28T15:16:15.821193" level="INFO">Typing text '2-25 erusa street' into text field 'xpath://input[@id='Address_Address1']'.</msg>
<arg>${add_address}</arg>
<arg>${address}</arg>
<doc>Types the given ``text`` into the text field identified by ``locator``.</doc>
<status status="PASS" start="2024-05-28T15:16:15.821193" elapsed="0.185093"/>
</kw>
<arg>${_address}</arg>
<status status="PASS" start="2024-05-28T15:16:15.820192" elapsed="0.186094"/>
</kw>
<kw name="Enter zip or postal number in the field" owner="MyAccountResources">
<kw name="Input Text" owner="SeleniumLibrary">
<msg time="2024-05-28T15:16:16.007317" level="INFO">Typing text '123456' into text field 'xpath://input[@id='Address_ZipPostalCode']'.</msg>
<arg>${add_zip}</arg>
<arg>${zip}</arg>
<doc>Types the given ``text`` into the text field identified by ``locator``.</doc>
<status status="PASS" start="2024-05-28T15:16:16.007317" elapsed="0.179942"/>
</kw>
<arg>${_zip}</arg>
<status status="PASS" start="2024-05-28T15:16:16.006286" elapsed="0.180973"/>
</kw>
<kw name="Enter phone number in the phone number field" owner="MyAccountResources">
<kw name="Input Text" owner="SeleniumLibrary">
<msg time="2024-05-28T15:16:16.189270" level="INFO">Typing text '7766554433' into text field 'xpath://input[@id='Address_PhoneNumber']'.</msg>
<arg>${add_phonenumber}</arg>
<arg>${phone}</arg>
<doc>Types the given ``text`` into the text field identified by ``locator``.</doc>
<status status="PASS" start="2024-05-28T15:16:16.188271" elapsed="0.229402"/>
</kw>
<arg>${_phone}</arg>
<status status="PASS" start="2024-05-28T15:16:16.188271" elapsed="0.229402"/>
</kw>
<kw name="Click save button" owner="MyAccountResources">
<kw name="Click Button" owner="SeleniumLibrary">
<msg time="2024-05-28T15:16:16.418685" level="INFO">Clicking button 'xpath://input[@value='Save']'.</msg>
<arg>${save_path}</arg>
<doc>Clicks the button identified by ``locator``.</doc>
<status status="PASS" start="2024-05-28T15:16:16.418685" elapsed="1.880452"/>
</kw>
<status status="PASS" start="2024-05-28T15:16:16.417673" elapsed="1.881464"/>
</kw>
<arg>_firstname=narayana</arg>
<arg>_lastname=samy</arg>
<arg>_email=narayanasamy04082002@gmail.com</arg>
<arg>_company=expleo</arg>
<arg>_city=salem</arg>
<arg>_address=2-25 erusa street</arg>
<arg>_zip=123456</arg>
<arg>_phone=7766554433</arg>
<doc>This test case will validate the customer address</doc>
<status status="PASS" start="2024-05-28T15:16:11.359123" elapsed="6.941013"/>
</kw>
<kw name="Close Browser session" owner="GenericResources" type="TEARDOWN">
<kw name="Close Browser" owner="SeleniumLibrary">
<doc>Closes the current browser.</doc>
<status status="PASS" start="2024-05-28T15:16:18.300136" elapsed="2.163451"/>
</kw>
<status status="PASS" start="2024-05-28T15:16:18.300136" elapsed="2.164442"/>
</kw>
<status status="PASS" start="2024-05-28T15:16:07.066170" elapsed="13.398408"/>
</test>
<doc>To validate customer address information</doc>
<status status="PASS" start="2024-05-28T15:16:07.020703" elapsed="13.444873"/>
</suite>
<suite id="s1-s1-s1-s1-s6" name="MyAccountTest EditCustomerAddress" source="E:\Project\DemoWebShop\Resources\PilotProject__DemoWebShop_Team4\TestCase\MyAccountTest_EditCustomerAddress.robot">
<test id="s1-s1-s1-s1-s6-t1" name="Validate that edit the customer address" line="15">
<kw name="Open the Browser with url" owner="GenericResources" type="SETUP">
<kw name="Create Webdriver" owner="SeleniumLibrary">
<msg time="2024-05-28T15:16:20.514146" level="INFO">Creating an instance of the Chrome WebDriver.</msg>
<arg>Chrome</arg>
<doc>Creates an instance of Selenium WebDriver.</doc>
<status status="PASS" start="2024-05-28T15:16:20.514146" elapsed="1.547977"/>
</kw>
<kw name="Go To" owner="SeleniumLibrary">
<msg time="2024-05-28T15:16:22.062123" level="INFO">Opening url 'https://demowebshop.tricentis.com/customer/info'</msg>
<arg>${URL}</arg>
<doc>Navigates the current browser window to the provided ``url``.</doc>
<status status="PASS" start="2024-05-28T15:16:22.062123" elapsed="1.409140"/>
</kw>
<kw name="Maximize Browser Window" owner="SeleniumLibrary">
<doc>Maximizes current browser window.</doc>
<status status="PASS" start="2024-05-28T15:16:23.471263" elapsed="1.357325"/>
</kw>
<kw name="Set Selenium Implicit Wait" owner="SeleniumLibrary">
<arg>5</arg>
<doc>Sets the implicit wait value used by Selenium.</doc>
<status status="PASS" start="2024-05-28T15:16:24.829631" elapsed="0.001943"/>
</kw>
<status status="PASS" start="2024-05-28T15:16:20.514146" elapsed="4.317428"/>
</kw>
<kw name="Validate that edit the customer address">
<kw name="Fill login email" owner="MyAccountResources">
<kw name="Input Text" owner="SeleniumLibrary">
<msg time="2024-05-28T15:16:24.833576" level="INFO">Typing text 'narayanasamy04082002@gmail.com' into text field 'xpath://input[@id='Email']'.</msg>
<arg>${login_email}</arg>
<arg>narayanasamy04082002@gmail.com</arg>
<doc>Types the given ``text`` into the text field identified by ``locator``.</doc>
<status status="PASS" start="2024-05-28T15:16:24.832583" elapsed="0.237236"/>
</kw>
<kw name="Input Text" owner="SeleniumLibrary">
<msg time="2024-05-28T15:16:25.070821" level="INFO">Typing text 'narayana' into text field 'xpath://input[@id='Password']'.</msg>
<arg>${login_pass}</arg>
<arg>narayana</arg>
<doc>Types the given ``text`` into the text field identified by ``locator``.</doc>
<status status="PASS" start="2024-05-28T15:16:25.070821" elapsed="0.133968"/>
</kw>
<kw name="Click Button" owner="SeleniumLibrary">
<msg time="2024-05-28T15:16:25.205792" level="INFO">Clicking button 'xpath://input[@value='Log in']'.</msg>
<arg>${login_btn}</arg>
<doc>Clicks the button identified by ``locator``.</doc>
<status status="PASS" start="2024-05-28T15:16:25.205792" elapsed="1.101714"/>
</kw>
<status status="PASS" start="2024-05-28T15:16:24.832583" elapsed="1.474923"/>
</kw>
<kw name="Click the addresses button" owner="MyAccountResources">
<kw name="Click Element" owner="SeleniumLibrary">
<msg time="2024-05-28T15:16:26.309743" level="INFO">Clicking element 'xpath:(//a[text()='Addresses'])[1]'.</msg>
<arg>${addresses_path}</arg>
<doc>Click the element identified by ``locator``.</doc>
<status status="PASS" start="2024-05-28T15:16:26.308506" elapsed="1.381179"/>
</kw>
<status status="PASS" start="2024-05-28T15:16:26.308506" elapsed="1.381179"/>
</kw>
<kw name="Click edit button in the address page" owner="MyAccountResources">
<kw name="Click Button" owner="SeleniumLibrary">
<msg time="2024-05-28T15:16:27.690686" level="INFO">Clicking button 'xpath:(//input[@value='Edit'])[1]'.</msg>
<arg>${edit_button}</arg>
<doc>Clicks the button identified by ``locator``.</doc>
<status status="PASS" start="2024-05-28T15:16:27.690686" elapsed="0.699026"/>
</kw>
<status status="PASS" start="2024-05-28T15:16:27.689685" elapsed="0.701027"/>
</kw>
<kw name="Enter address1 in the address field" owner="MyAccountResources">
<kw name="Input Text" owner="SeleniumLibrary">
<msg time="2024-05-28T15:16:28.391711" level="INFO">Typing text '2-25 erusa street' into text field 'xpath://input[@id='Address_Address1']'.</msg>
<arg>${add_address}</arg>
<arg>${address}</arg>
<doc>Types the given ``text`` into the text field identified by ``locator``.</doc>
<status status="PASS" start="2024-05-28T15:16:28.390712" elapsed="0.162626"/>
</kw>
<arg>${_address}</arg>
<status status="PASS" start="2024-05-28T15:16:28.390712" elapsed="0.162626"/>
</kw>
<kw name="Click save button" owner="MyAccountResources">
<kw name="Click Button" owner="SeleniumLibrary">
<msg time="2024-05-28T15:16:28.554356" level="INFO">Clicking button 'xpath://input[@value='Save']'.</msg>
<arg>${save_path}</arg>
<doc>Clicks the button identified by ``locator``.</doc>
<status status="PASS" start="2024-05-28T15:16:28.554356" elapsed="1.893340"/>
</kw>
<status status="PASS" start="2024-05-28T15:16:28.553338" elapsed="1.894358"/>
</kw>
<arg>_address=2-25 erusa street</arg>
<status status="PASS" start="2024-05-28T15:16:24.831574" elapsed="5.616122"/>
</kw>
<kw name="Close Browser session" owner="GenericResources" type="TEARDOWN">
<kw name="Close Browser" owner="SeleniumLibrary">
<doc>Closes the current browser.</doc>
<status status="PASS" start="2024-05-28T15:16:30.450114" elapsed="2.211666"/>
</kw>
<status status="PASS" start="2024-05-28T15:16:30.448704" elapsed="2.213076"/>
</kw>
<status status="PASS" start="2024-05-28T15:16:20.510796" elapsed="12.152122"/>
</test>
<doc>To validate editing customer address</doc>
<status status="PASS" start="2024-05-28T15:16:20.466575" elapsed="12.197245"/>
</suite>
<suite id="s1-s1-s1-s1-s7" name="MyAccountTest Login" source="E:\Project\DemoWebShop\Resources\PilotProject__DemoWebShop_Team4\TestCase\MyAccountTest_Login.robot">
<test id="s1-s1-s1-s1-s7-t1" name="Validate MyAccount Information" line="17">
<kw name="Open the Browser with url" owner="GenericResources" type="SETUP">
<kw name="Create Webdriver" owner="SeleniumLibrary">
<msg time="2024-05-28T15:16:32.714502" level="INFO">Creating an instance of the Chrome WebDriver.</msg>
<arg>Chrome</arg>
<doc>Creates an instance of Selenium WebDriver.</doc>
<status status="PASS" start="2024-05-28T15:16:32.714502" elapsed="1.571773"/>
</kw>
<kw name="Go To" owner="SeleniumLibrary">
<msg time="2024-05-28T15:16:34.286275" level="INFO">Opening url 'https://demowebshop.tricentis.com/customer/info'</msg>
<arg>${URL}</arg>
<doc>Navigates the current browser window to the provided ``url``.</doc>
<status status="PASS" start="2024-05-28T15:16:34.286275" elapsed="3.216760"/>
</kw>
<kw name="Maximize Browser Window" owner="SeleniumLibrary">
<doc>Maximizes current browser window.</doc>
<status status="PASS" start="2024-05-28T15:16:37.504036" elapsed="0.054073"/>
</kw>
<kw name="Set Selenium Implicit Wait" owner="SeleniumLibrary">
<arg>5</arg>
<doc>Sets the implicit wait value used by Selenium.</doc>
<status status="PASS" start="2024-05-28T15:16:37.558109" elapsed="0.002451"/>
</kw>
<status status="PASS" start="2024-05-28T15:16:32.713502" elapsed="4.847058"/>
</kw>
<kw name="Validate the MyAccount information">
<kw name="Fill login email" owner="MyAccountResources">
<kw name="Input Text" owner="SeleniumLibrary">
<msg time="2024-05-28T15:16:37.563560" level="INFO">Typing text 'narayanasamy04082002@gmail.com' into text field 'xpath://input[@id='Email']'.</msg>
<arg>${login_email}</arg>
<arg>narayanasamy04082002@gmail.com</arg>
<doc>Types the given ``text`` into the text field identified by ``locator``.</doc>
<status status="PASS" start="2024-05-28T15:16:37.562564" elapsed="0.194823"/>
</kw>
<kw name="Input Text" owner="SeleniumLibrary">
<msg time="2024-05-28T15:16:37.758387" level="INFO">Typing text 'narayana' into text field 'xpath://input[@id='Password']'.</msg>
<arg>${login_pass}</arg>
<arg>narayana</arg>
<doc>Types the given ``text`` into the text field identified by ``locator``.</doc>
<status status="PASS" start="2024-05-28T15:16:37.757387" elapsed="0.130452"/>
</kw>
<kw name="Click Button" owner="SeleniumLibrary">
<msg time="2024-05-28T15:16:37.888686" level="INFO">Clicking button 'xpath://input[@value='Log in']'.</msg>
<arg>${login_btn}</arg>
<doc>Clicks the button identified by ``locator``.</doc>
<status status="PASS" start="2024-05-28T15:16:37.888686" elapsed="1.141738"/>
</kw>
<status status="PASS" start="2024-05-28T15:16:37.562564" elapsed="1.467860"/>
</kw>
<kw name="Click the gender in checkbox field" owner="MyAccountResources">
<kw name="Click Element" owner="SeleniumLibrary">
<msg time="2024-05-28T15:16:39.033671" level="INFO">Clicking element 'xpath://input[@id='gender-male']'.</msg>
<arg>${gender_male_path}</arg>
<doc>Click the element identified by ``locator``.</doc>
<status status="PASS" start="2024-05-28T15:16:39.033671" elapsed="0.081921"/>
</kw>
<status status="PASS" start="2024-05-28T15:16:39.032671" elapsed="0.082921"/>
</kw>
<kw name="Enter first name in the firstname field" owner="MyAccountResources">
<kw name="Input Text" owner="SeleniumLibrary">
<msg time="2024-05-28T15:16:39.116592" level="INFO">Typing text 'narayana' into text field 'xpath://input[@id='FirstName']'.</msg>
<arg>${firstname_path}</arg>
<arg>${firstname}</arg>
<doc>Types the given ``text`` into the text field identified by ``locator``.</doc>
<status status="PASS" start="2024-05-28T15:16:39.116592" elapsed="0.212571"/>
</kw>
<arg>${_firstname}</arg>
<status status="PASS" start="2024-05-28T15:16:39.115592" elapsed="0.213571"/>
</kw>
<kw name="Enter last name in the lastname field" owner="MyAccountResources">
<kw name="Input Text" owner="SeleniumLibrary">
<msg time="2024-05-28T15:16:39.330163" level="INFO">Typing text 'samy' into text field 'xpath://input[@id='LastName']'.</msg>
<arg>${lastname_path}</arg>
<arg>${lastname}</arg>
<doc>Types the given ``text`` into the text field identified by ``locator``.</doc>
<status status="PASS" start="2024-05-28T15:16:39.330163" elapsed="0.122019"/>
</kw>
<kw name="Input Password" owner="SeleniumLibrary">
<msg time="2024-05-28T15:16:39.453189" level="INFO">Typing password into text field 'xpath://input[@id='LastName']'.</msg>
<msg time="2024-05-28T15:16:39.494653" level="INFO">Temporally setting log level to: NONE</msg>
<arg>${lastname_path}</arg>
<arg>${lastname}</arg>
<doc>Types the given password into the text field identified by ``locator``.</doc>
<status status="PASS" start="2024-05-28T15:16:39.453189" elapsed="0.119550"/>
</kw>
<arg>${_lastname}</arg>
<status status="PASS" start="2024-05-28T15:16:39.330163" elapsed="0.243459"/>
</kw>
<kw name="Enter email id in the email field" owner="MyAccountResources">
<kw name="Input Text" owner="SeleniumLibrary">
<msg time="2024-05-28T15:16:39.574646" level="INFO">Typing text 'narayanasamy04082002@gmail.com' into text field 'xpath://input[@id='Email']'.</msg>
<arg>${email_path}</arg>
<arg>${email}</arg>
<doc>Types the given ``text`` into the text field identified by ``locator``.</doc>
<status status="PASS" start="2024-05-28T15:16:39.574646" elapsed="0.279319"/>
</kw>
<arg>${_email}</arg>
<status status="PASS" start="2024-05-28T15:16:39.573622" elapsed="0.280343"/>
</kw>
<kw name="Click save button" owner="MyAccountResources">
<kw name="Click Button" owner="SeleniumLibrary">
<msg time="2024-05-28T15:16:39.854967" level="INFO">Clicking button 'xpath://input[@value='Save']'.</msg>
<arg>${save_path}</arg>
<doc>Clicks the button identified by ``locator``.</doc>
<status status="PASS" start="2024-05-28T15:16:39.854967" elapsed="1.039439"/>
</kw>
<status status="PASS" start="2024-05-28T15:16:39.853965" elapsed="1.040441"/>
</kw>
<arg>_firstname=narayana</arg>
<arg>_lastname=samy</arg>
<arg>_email=narayanasamy04082002@gmail.com</arg>
<doc>This test case will validate the customer info</doc>
<status status="PASS" start="2024-05-28T15:16:37.561562" elapsed="3.332844"/>
</kw>
<kw name="Close Browser session" owner="GenericResources" type="TEARDOWN">
<kw name="Close Browser" owner="SeleniumLibrary">
<doc>Closes the current browser.</doc>
<status status="PASS" start="2024-05-28T15:16:40.895698" elapsed="2.178376"/>
</kw>
<status status="PASS" start="2024-05-28T15:16:40.895698" elapsed="2.178376"/>
</kw>
<status status="PASS" start="2024-05-28T15:16:32.710501" elapsed="10.363573"/>
</test>
<doc>To validate login and profile information</doc>
<status status="PASS" start="2024-05-28T15:16:32.665907" elapsed="10.409199"/>
</suite>
<suite id="s1-s1-s1-s1-s8" name="MyAccountTest RewardPoints" source="E:\Project\DemoWebShop\Resources\PilotProject__DemoWebShop_Team4\TestCase\MyAccountTest_RewardPoints.robot">
<test id="s1-s1-s1-s1-s8-t1" name="Validate the Reward points" line="10">
<kw name="Open the Browser with url" owner="GenericResources" type="SETUP">
<kw name="Create Webdriver" owner="SeleniumLibrary">
<msg time="2024-05-28T15:16:43.089761" level="INFO">Creating an instance of the Chrome WebDriver.</msg>
<arg>Chrome</arg>
<doc>Creates an instance of Selenium WebDriver.</doc>
<status status="PASS" start="2024-05-28T15:16:43.089761" elapsed="1.534008"/>
</kw>
<kw name="Go To" owner="SeleniumLibrary">
<msg time="2024-05-28T15:16:44.624760" level="INFO">Opening url 'https://demowebshop.tricentis.com/customer/info'</msg>
<arg>${URL}</arg>
<doc>Navigates the current browser window to the provided ``url``.</doc>
<status status="PASS" start="2024-05-28T15:16:44.624760" elapsed="2.768289"/>
</kw>
<kw name="Maximize Browser Window" owner="SeleniumLibrary">
<doc>Maximizes current browser window.</doc>
<status status="PASS" start="2024-05-28T15:16:47.394439" elapsed="0.040978"/>
</kw>
<kw name="Set Selenium Implicit Wait" owner="SeleniumLibrary">
<arg>5</arg>
<doc>Sets the implicit wait value used by Selenium.</doc>
<status status="PASS" start="2024-05-28T15:16:47.436522" elapsed="0.001488"/>
</kw>
<status status="PASS" start="2024-05-28T15:16:43.088656" elapsed="4.349354"/>
</kw>
<kw name="Fill login email" owner="MyAccountResources">
<kw name="Input Text" owner="SeleniumLibrary">
<msg time="2024-05-28T15:16:47.439505" level="INFO">Typing text 'narayanasamy04082002@gmail.com' into text field 'xpath://input[@id='Email']'.</msg>
<arg>${login_email}</arg>
<arg>narayanasamy04082002@gmail.com</arg>
<doc>Types the given ``text`` into the text field identified by ``locator``.</doc>
<status status="PASS" start="2024-05-28T15:16:47.438010" elapsed="0.175227"/>
</kw>
<kw name="Input Text" owner="SeleniumLibrary">
<msg time="2024-05-28T15:16:47.614213" level="INFO">Typing text 'narayana' into text field 'xpath://input[@id='Password']'.</msg>
<arg>${login_pass}</arg>
<arg>narayana</arg>
<doc>Types the given ``text`` into the text field identified by ``locator``.</doc>
<status status="PASS" start="2024-05-28T15:16:47.613237" elapsed="0.143402"/>
</kw>
<kw name="Click Button" owner="SeleniumLibrary">
<msg time="2024-05-28T15:16:47.757664" level="INFO">Clicking button 'xpath://input[@value='Log in']'.</msg>
<arg>${login_btn}</arg>
<doc>Clicks the button identified by ``locator``.</doc>
<status status="PASS" start="2024-05-28T15:16:47.756639" elapsed="0.956625"/>
</kw>
<status status="PASS" start="2024-05-28T15:16:47.438010" elapsed="1.275254"/>
</kw>
<kw name="Click Reward points button" owner="MyAccountResources">
<kw name="Click Element" owner="SeleniumLibrary">
<msg time="2024-05-28T15:16:48.715265" level="INFO">Clicking element 'css:a[class='active']'.</msg>
<arg>${reward_points}</arg>
<doc>Click the element identified by ``locator``.</doc>
<status status="PASS" start="2024-05-28T15:16:48.714266" elapsed="0.651299"/>
</kw>
<status status="PASS" start="2024-05-28T15:16:48.714266" elapsed="0.652521"/>
</kw>
<kw name="Close Browser session" owner="GenericResources" type="TEARDOWN">
<kw name="Close Browser" owner="SeleniumLibrary">
<doc>Closes the current browser.</doc>
<status status="PASS" start="2024-05-28T15:16:49.367801" elapsed="2.165563"/>
</kw>
<status status="PASS" start="2024-05-28T15:16:49.366787" elapsed="2.168119"/>
</kw>
<status status="PASS" start="2024-05-28T15:16:43.088656" elapsed="8.446250"/>
</test>
<doc>To validate reward points</doc>
<status status="PASS" start="2024-05-28T15:16:43.077204" elapsed="8.457702"/>
</suite>
<suite id="s1-s1-s1-s1-s9" name="MyAddressTest Orders" source="E:\Project\DemoWebShop\Resources\PilotProject__DemoWebShop_Team4\TestCase\MyAddressTest_Orders.robot">
<test id="s1-s1-s1-s1-s9-t1" name="Validate the order" line="12">
<kw name="Open the Browser with url" owner="GenericResources" type="SETUP">
<kw name="Create Webdriver" owner="SeleniumLibrary">
<msg time="2024-05-28T15:16:51.549924" level="INFO">Creating an instance of the Chrome WebDriver.</msg>
<arg>Chrome</arg>
<doc>Creates an instance of Selenium WebDriver.</doc>
<status status="PASS" start="2024-05-28T15:16:51.549924" elapsed="1.523392"/>
</kw>
<kw name="Go To" owner="SeleniumLibrary">
<msg time="2024-05-28T15:16:53.073316" level="INFO">Opening url 'https://demowebshop.tricentis.com/customer/info'</msg>
<arg>${URL}</arg>
<doc>Navigates the current browser window to the provided ``url``.</doc>
<status status="PASS" start="2024-05-28T15:16:53.073316" elapsed="2.659932"/>
</kw>
<kw name="Maximize Browser Window" owner="SeleniumLibrary">
<doc>Maximizes current browser window.</doc>
<status status="PASS" start="2024-05-28T15:16:55.734272" elapsed="0.060874"/>
</kw>
<kw name="Set Selenium Implicit Wait" owner="SeleniumLibrary">
<arg>5</arg>
<doc>Sets the implicit wait value used by Selenium.</doc>
<status status="PASS" start="2024-05-28T15:16:55.795146" elapsed="0.003371"/>
</kw>
<status status="PASS" start="2024-05-28T15:16:51.549018" elapsed="4.250852"/>
</kw>
<kw name="Fill login email" owner="MyAccountResources">
<kw name="Input Text" owner="SeleniumLibrary">
<msg time="2024-05-28T15:16:55.800885" level="INFO">Typing text 'narayanasamy04082002@gmail.com' into text field 'xpath://input[@id='Email']'.</msg>
<arg>${login_email}</arg>
<arg>narayanasamy04082002@gmail.com</arg>
<doc>Types the given ``text`` into the text field identified by ``locator``.</doc>
<status status="PASS" start="2024-05-28T15:16:55.799870" elapsed="0.214125"/>
</kw>
<kw name="Input Text" owner="SeleniumLibrary">
<msg time="2024-05-28T15:16:56.015020" level="INFO">Typing text 'narayana' into text field 'xpath://input[@id='Password']'.</msg>
<arg>${login_pass}</arg>
<arg>narayana</arg>
<doc>Types the given ``text`` into the text field identified by ``locator``.</doc>
<status status="PASS" start="2024-05-28T15:16:56.013995" elapsed="0.172512"/>
</kw>
<kw name="Click Button" owner="SeleniumLibrary">
<msg time="2024-05-28T15:16:56.186507" level="INFO">Clicking button 'xpath://input[@value='Log in']'.</msg>
<arg>${login_btn}</arg>
<doc>Clicks the button identified by ``locator``.</doc>
<status status="PASS" start="2024-05-28T15:16:56.186507" elapsed="1.086557"/>
</kw>
<status status="PASS" start="2024-05-28T15:16:55.799870" elapsed="1.474195"/>
</kw>
<kw name="Click order button" owner="MyAccountResources">
<kw name="Click Element" owner="SeleniumLibrary">
<msg time="2024-05-28T15:16:57.275070" level="INFO">Clicking element 'xpath:(//a[text()='Orders'])[1]'.</msg>
<arg>${order_path}</arg>
<doc>Click the element identified by ``locator``.</doc>
<status status="PASS" start="2024-05-28T15:16:57.275070" elapsed="1.037005"/>
</kw>
<status status="PASS" start="2024-05-28T15:16:57.274065" elapsed="1.038010"/>
</kw>
<kw name="Close Browser session" owner="GenericResources" type="TEARDOWN">
<kw name="Close Browser" owner="SeleniumLibrary">
<doc>Closes the current browser.</doc>
<status status="PASS" start="2024-05-28T15:16:58.313073" elapsed="2.177648"/>
</kw>
<status status="PASS" start="2024-05-28T15:16:58.313073" elapsed="2.177648"/>
</kw>
<status status="PASS" start="2024-05-28T15:16:51.549018" elapsed="8.941703"/>
</test>
<doc>To validate order information</doc>
<status status="PASS" start="2024-05-28T15:16:51.537032" elapsed="8.954693"/>
</suite>
<suite id="s1-s1-s1-s1-s10" name="Test Appeal" source="E:\Project\DemoWebShop\Resources\PilotProject__DemoWebShop_Team4\TestCase\Test_Appeal.robot">
<test id="s1-s1-s1-s1-s10-t1" name="verify the element of A to Z" line="10">
<kw name="open the browser" owner="GenericResources" type="SETUP">
<kw name="Create Webdriver" owner="SeleniumLibrary">
<msg time="2024-05-28T15:17:00.510948" level="INFO">Creating an instance of the Chrome WebDriver.</msg>
<arg>${browser}</arg>
<doc>Creates an instance of Selenium WebDriver.</doc>
<status status="PASS" start="2024-05-28T15:17:00.510948" elapsed="1.554857"/>
</kw>
<kw name="Go To" owner="SeleniumLibrary">
<msg time="2024-05-28T15:17:02.065805" level="INFO">Opening url 'https://demowebshop.tricentis.com'</msg>
<arg>${url}</arg>
<doc>Navigates the current browser window to the provided ``url``.</doc>
<status status="PASS" start="2024-05-28T15:17:02.065805" elapsed="3.223720"/>
</kw>
<kw name="Maximize Browser Window" owner="SeleniumLibrary">
<doc>Maximizes current browser window.</doc>
<status status="PASS" start="2024-05-28T15:17:05.289525" elapsed="0.043709"/>
</kw>
<kw name="Set Selenium Implicit Wait" owner="SeleniumLibrary">
<arg>5</arg>
<doc>Sets the implicit wait value used by Selenium.</doc>
<status status="PASS" start="2024-05-28T15:17:05.333234" elapsed="0.003003"/>
</kw>
<status status="PASS" start="2024-05-28T15:17:00.510948" elapsed="4.825289"/>
</kw>
<kw name="click the appereal A to z" owner="ApparealResources">
<kw name="Click Link" owner="SeleniumLibrary">
<msg time="2024-05-28T15:17:05.338234" level="INFO">Clicking link 'css:a[href='/apparel-shoes']'.</msg>
<arg>${appereal}</arg>
<doc>Clicks a link identified by ``locator``.</doc>
<status status="PASS" start="2024-05-28T15:17:05.337236" elapsed="1.169855"/>
</kw>
<kw name="Select From List By Label" owner="SeleniumLibrary">
<msg time="2024-05-28T15:17:06.508091" level="INFO">Selecting options from selection list 'id:products-orderby' by label Name: A to Z.</msg>
<arg>id:products-orderby</arg>
<arg>Name: A to Z</arg>
<doc>Selects options from selection list ``locator`` by ``labels``.</doc>
<status status="PASS" start="2024-05-28T15:17:06.507091" elapsed="0.782299"/>
</kw>
<kw name="Select From List By Label" owner="SeleniumLibrary">
<msg time="2024-05-28T15:17:07.290394" level="INFO">Selecting options from selection list 'id:products-pagesize' by label 4.</msg>
<arg>id:products-pagesize</arg>
<arg>4</arg>
<doc>Selects options from selection list ``locator`` by ``labels``.</doc>
<status status="PASS" start="2024-05-28T15:17:07.289390" elapsed="0.747586"/>
</kw>
<kw name="Select From List By Label" owner="SeleniumLibrary">
<msg time="2024-05-28T15:17:08.037974" level="INFO">Selecting options from selection list 'id:products-viewmode' by label Grid.</msg>
<arg>id:products-viewmode</arg>
<arg>Grid</arg>
<doc>Selects options from selection list ``locator`` by ``labels``.</doc>
<status status="PASS" start="2024-05-28T15:17:08.037974" elapsed="0.076328"/>
</kw>
<kw name="Click Element" owner="SeleniumLibrary">
<msg time="2024-05-28T15:17:08.115349" level="INFO">Clicking element 'xpath=//h2[@class='product-title']'.</msg>
<arg>${click}</arg>
<doc>Click the element identified by ``locator``.</doc>
<status status="PASS" start="2024-05-28T15:17:08.115349" elapsed="1.481051"/>
</kw>
<kw name="Element Text Should Be" owner="SeleniumLibrary">
<msg time="2024-05-28T15:17:09.596400" level="INFO">Verifying element 'xpath=//div[@class='product-name']' contains exact text '50's Rockabilly Polka Dot Top JR Plus Size'.</msg>
<arg>${select_prod}</arg>
<arg>50's Rockabilly Polka Dot Top JR Plus Size</arg>
<doc>Verifies that element ``locator`` contains exact the text ``expected``.</doc>
<status status="PASS" start="2024-05-28T15:17:09.596400" elapsed="0.031920"/>
</kw>
<status status="PASS" start="2024-05-28T15:17:05.337236" elapsed="4.291084"/>
</kw>
<kw name="close browser session" owner="GenericResources" type="TEARDOWN">
<kw name="Close Browser" owner="SeleniumLibrary">
<doc>Closes the current browser.</doc>
<status status="PASS" start="2024-05-28T15:17:09.629760" elapsed="2.144683"/>
</kw>
<status status="PASS" start="2024-05-28T15:17:09.628320" elapsed="2.147123"/>
</kw>
<tag>smoke</tag>
<status status="PASS" start="2024-05-28T15:17:00.509947" elapsed="11.265496"/>
</test>
<test id="s1-s1-s1-s1-s10-t2" name="Verify the element of Z to A" line="14">
<kw name="open the browser" owner="GenericResources" type="SETUP">
<kw name="Create Webdriver" owner="SeleniumLibrary">
<msg time="2024-05-28T15:17:11.778534" level="INFO">Creating an instance of the Chrome WebDriver.</msg>
<arg>${browser}</arg>
<doc>Creates an instance of Selenium WebDriver.</doc>
<status status="PASS" start="2024-05-28T15:17:11.777544" elapsed="1.564067"/>
</kw>
<kw name="Go To" owner="SeleniumLibrary">
<msg time="2024-05-28T15:17:13.341611" level="INFO">Opening url 'https://demowebshop.tricentis.com'</msg>
<arg>${url}</arg>
<doc>Navigates the current browser window to the provided ``url``.</doc>
<status status="PASS" start="2024-05-28T15:17:13.341611" elapsed="3.337556"/>
</kw>
<kw name="Maximize Browser Window" owner="SeleniumLibrary">
<doc>Maximizes current browser window.</doc>
<status status="PASS" start="2024-05-28T15:17:16.679167" elapsed="0.044672"/>
</kw>
<kw name="Set Selenium Implicit Wait" owner="SeleniumLibrary">
<arg>5</arg>
<doc>Sets the implicit wait value used by Selenium.</doc>
<status status="PASS" start="2024-05-28T15:17:16.724840" elapsed="0.001282"/>
</kw>
<status status="PASS" start="2024-05-28T15:17:11.777544" elapsed="4.948578"/>
</kw>
<kw name="click the appereal z to A" owner="ApparealResources">
<kw name="Click Link" owner="SeleniumLibrary">
<msg time="2024-05-28T15:17:16.727186" level="INFO">Clicking link 'css:a[href='/apparel-shoes']'.</msg>
<arg>${appereal}</arg>
<doc>Clicks a link identified by ``locator``.</doc>
<status status="PASS" start="2024-05-28T15:17:16.727186" elapsed="1.158982"/>
</kw>
<kw name="Select From List By Label" owner="SeleniumLibrary">
<msg time="2024-05-28T15:17:17.887168" level="INFO">Selecting options from selection list 'id:products-orderby' by label Name: Z to A.</msg>
<arg>id:products-orderby</arg>
<arg>Name: Z to A</arg>
<doc>Selects options from selection list ``locator`` by ``labels``.</doc>
<status status="PASS" start="2024-05-28T15:17:17.886168" elapsed="1.722456"/>
</kw>
<kw name="Select From List By Label" owner="SeleniumLibrary">
<msg time="2024-05-28T15:17:19.609673" level="INFO">Selecting options from selection list 'id:products-pagesize' by label 4.</msg>
<arg>id:products-pagesize</arg>
<arg>4</arg>
<doc>Selects options from selection list ``locator`` by ``labels``.</doc>
<status status="PASS" start="2024-05-28T15:17:19.608624" elapsed="0.705317"/>
</kw>
<kw name="Select From List By Label" owner="SeleniumLibrary">
<msg time="2024-05-28T15:17:20.313941" level="INFO">Selecting options from selection list 'id:products-viewmode' by label Grid.</msg>
<arg>id:products-viewmode</arg>
<arg>Grid</arg>
<doc>Selects options from selection list ``locator`` by ``labels``.</doc>
<status status="PASS" start="2024-05-28T15:17:20.313941" elapsed="0.076414"/>
</kw>
<kw name="Click Element" owner="SeleniumLibrary">
<msg time="2024-05-28T15:17:20.391453" level="INFO">Clicking element 'xpath=//h2[@class='product-title']'.</msg>
<arg>${click_Z to A}</arg>
<doc>Click the element identified by ``locator``.</doc>
<status status="PASS" start="2024-05-28T15:17:20.390355" elapsed="1.725213"/>
</kw>
<kw name="Element Text Should Be" owner="SeleniumLibrary">
<msg time="2024-05-28T15:17:22.116570" level="INFO">Verifying element 'css:div[class='product-name']' contains exact text 'Wool Hat'.</msg>
<arg>${check_pro}</arg>
<arg>Wool Hat</arg>
<doc>Verifies that element ``locator`` contains exact the text ``expected``.</doc>
<status status="PASS" start="2024-05-28T15:17:22.115568" elapsed="0.048390"/>
</kw>
<status status="PASS" start="2024-05-28T15:17:16.726122" elapsed="5.437836"/>
</kw>
<kw name="close browser session" owner="GenericResources" type="TEARDOWN">
<kw name="Close Browser" owner="SeleniumLibrary">
<doc>Closes the current browser.</doc>
<status status="PASS" start="2024-05-28T15:17:22.164975" elapsed="2.197578"/>
</kw>
<status status="PASS" start="2024-05-28T15:17:22.163958" elapsed="2.198595"/>
</kw>
<tag>smoke</tag>
<status status="PASS" start="2024-05-28T15:17:11.776538" elapsed="12.587012"/>
</test>
<test id="s1-s1-s1-s1-s10-t3" name="verify the element of low to high" line="18">
<kw name="open the browser" owner="GenericResources" type="SETUP">
<kw name="Create Webdriver" owner="SeleniumLibrary">
<msg time="2024-05-28T15:17:24.365745" level="INFO">Creating an instance of the Chrome WebDriver.</msg>
<arg>${browser}</arg>
<doc>Creates an instance of Selenium WebDriver.</doc>
<status status="PASS" start="2024-05-28T15:17:24.365745" elapsed="1.594381"/>
</kw>
<kw name="Go To" owner="SeleniumLibrary">
<msg time="2024-05-28T15:17:25.961432" level="INFO">Opening url 'https://demowebshop.tricentis.com'</msg>
<arg>${url}</arg>
<doc>Navigates the current browser window to the provided ``url``.</doc>
<status status="PASS" start="2024-05-28T15:17:25.961432" elapsed="3.420606"/>
</kw>
<kw name="Maximize Browser Window" owner="SeleniumLibrary">
<doc>Maximizes current browser window.</doc>
<status status="PASS" start="2024-05-28T15:17:29.383039" elapsed="0.053611"/>
</kw>
<kw name="Set Selenium Implicit Wait" owner="SeleniumLibrary">
<arg>5</arg>
<doc>Sets the implicit wait value used by Selenium.</doc>
<status status="PASS" start="2024-05-28T15:17:29.437651" elapsed="0.002000"/>
</kw>
<status status="PASS" start="2024-05-28T15:17:24.364625" elapsed="5.075026"/>
</kw>
<kw name="click the appereal low to high" owner="ApparealResources">
<kw name="Click Link" owner="SeleniumLibrary">
<msg time="2024-05-28T15:17:29.441103" level="INFO">Clicking link 'css:a[href='/apparel-shoes']'.</msg>
<arg>${appereal}</arg>
<doc>Clicks a link identified by ``locator``.</doc>
<status status="PASS" start="2024-05-28T15:17:29.441103" elapsed="1.400351"/>
</kw>
<kw name="Select From List By Label" owner="SeleniumLibrary">
<msg time="2024-05-28T15:17:30.842456" level="INFO">Selecting options from selection list 'id:products-orderby' by label Price: Low to High.</msg>
<arg>id:products-orderby</arg>
<arg>Price: Low to High</arg>
<doc>Selects options from selection list ``locator`` by ``labels``.</doc>
<status status="PASS" start="2024-05-28T15:17:30.841454" elapsed="0.957361"/>
</kw>
<kw name="Select From List By Label" owner="SeleniumLibrary">
<msg time="2024-05-28T15:17:31.799819" level="INFO">Selecting options from selection list 'id:products-pagesize' by label 4.</msg>
<arg>id:products-pagesize</arg>
<arg>4</arg>
<doc>Selects options from selection list ``locator`` by ``labels``.</doc>
<status status="PASS" start="2024-05-28T15:17:31.799819" elapsed="0.838194"/>
</kw>
<kw name="Select From List By Label" owner="SeleniumLibrary">
<msg time="2024-05-28T15:17:32.639024" level="INFO">Selecting options from selection list 'id:products-viewmode' by label Grid.</msg>
<arg>id:products-viewmode</arg>
<arg>Grid</arg>
<doc>Selects options from selection list ``locator`` by ``labels``.</doc>
<status status="PASS" start="2024-05-28T15:17:32.638013" elapsed="0.080479"/>
</kw>
<kw name="Click Element" owner="SeleniumLibrary">
<msg time="2024-05-28T15:17:32.719587" level="INFO">Clicking element 'css:h2[class='product-title']'.</msg>
<arg>${price}</arg>
<doc>Click the element identified by ``locator``.</doc>
<status status="PASS" start="2024-05-28T15:17:32.718492" elapsed="1.240173"/>
</kw>
<kw name="Element Text Should Be" owner="SeleniumLibrary">
<msg time="2024-05-28T15:17:33.959761" level="INFO">Verifying element 'css:div.product-price' contains exact text '1.00'.</msg>
<arg>${pro_price}</arg>
<arg>1.00</arg>
<doc>Verifies that element ``locator`` contains exact the text ``expected``.</doc>
<status status="PASS" start="2024-05-28T15:17:33.958665" elapsed="0.049597"/>
</kw>
<status status="PASS" start="2024-05-28T15:17:29.439651" elapsed="4.568611"/>
</kw>
<kw name="close browser session" owner="GenericResources" type="TEARDOWN">
<kw name="Close Browser" owner="SeleniumLibrary">
<doc>Closes the current browser.</doc>
<status status="PASS" start="2024-05-28T15:17:34.009688" elapsed="2.178462"/>
</kw>
<status status="PASS" start="2024-05-28T15:17:34.009688" elapsed="2.179603"/>
</kw>
<status status="PASS" start="2024-05-28T15:17:24.364625" elapsed="11.824666"/>
</test>
<test id="s1-s1-s1-s1-s10-t4" name="verify the element of high to low" line="21">
<kw name="open the browser" owner="GenericResources" type="SETUP">
<kw name="Create Webdriver" owner="SeleniumLibrary">
<msg time="2024-05-28T15:17:36.191703" level="INFO">Creating an instance of the Chrome WebDriver.</msg>
<arg>${browser}</arg>
<doc>Creates an instance of Selenium WebDriver.</doc>
<status status="PASS" start="2024-05-28T15:17:36.191703" elapsed="1.562294"/>
</kw>
<kw name="Go To" owner="SeleniumLibrary">
<msg time="2024-05-28T15:17:37.754966" level="INFO">Opening url 'https://demowebshop.tricentis.com'</msg>
<arg>${url}</arg>
<doc>Navigates the current browser window to the provided ``url``.</doc>
<status status="PASS" start="2024-05-28T15:17:37.754966" elapsed="3.481939"/>
</kw>
<kw name="Maximize Browser Window" owner="SeleniumLibrary">
<doc>Maximizes current browser window.</doc>
<status status="PASS" start="2024-05-28T15:17:41.236905" elapsed="0.059763"/>
</kw>
<kw name="Set Selenium Implicit Wait" owner="SeleniumLibrary">
<arg>5</arg>
<doc>Sets the implicit wait value used by Selenium.</doc>
<status status="PASS" start="2024-05-28T15:17:41.296668" elapsed="0.003020"/>
</kw>
<status status="PASS" start="2024-05-28T15:17:36.190574" elapsed="5.109114"/>
</kw>
<kw name="click the appereal high to low" owner="ApparealResources">
<kw name="Click Link" owner="SeleniumLibrary">
<msg time="2024-05-28T15:17:41.301681" level="INFO">Clicking link 'css:a[href='/apparel-shoes']'.</msg>
<arg>${appereal}</arg>
<doc>Clicks a link identified by ``locator``.</doc>
<status status="PASS" start="2024-05-28T15:17:41.300708" elapsed="1.137542"/>
</kw>
<kw name="Select From List By Label" owner="SeleniumLibrary">
<msg time="2024-05-28T15:17:42.440247" level="INFO">Selecting options from selection list 'id:products-orderby' by label Price: High to Low.</msg>
<arg>id:products-orderby</arg>
<arg>Price: High to Low</arg>
<doc>Selects options from selection list ``locator`` by ``labels``.</doc>
<status status="PASS" start="2024-05-28T15:17:42.439248" elapsed="0.865205"/>
</kw>
<kw name="Select From List By Label" owner="SeleniumLibrary">
<msg time="2024-05-28T15:17:43.304453" level="INFO">Selecting options from selection list 'id:products-pagesize' by label 4.</msg>
<arg>id:products-pagesize</arg>
<arg>4</arg>
<doc>Selects options from selection list ``locator`` by ``labels``.</doc>
<status status="PASS" start="2024-05-28T15:17:43.304453" elapsed="0.678913"/>
</kw>
<kw name="Select From List By Label" owner="SeleniumLibrary">
<msg time="2024-05-28T15:17:43.984371" level="INFO">Selecting options from selection list 'id:products-viewmode' by label List.</msg>
<arg>id:products-viewmode</arg>
<arg>List</arg>
<doc>Selects options from selection list ``locator`` by ``labels``.</doc>
<status status="PASS" start="2024-05-28T15:17:43.984371" elapsed="0.673281"/>
</kw>
<kw name="Click Element" owner="SeleniumLibrary">
<msg time="2024-05-28T15:17:44.658672" level="INFO">Clicking element 'xpath=//h2[@class='product-title']'.</msg>
<arg>${first_price}</arg>
<doc>Click the element identified by ``locator``.</doc>
<status status="PASS" start="2024-05-28T15:17:44.657652" elapsed="1.396719"/>
</kw>
<kw name="Element Text Should Be" owner="SeleniumLibrary">
<msg time="2024-05-28T15:17:46.055692" level="INFO">Verifying element 'css:div[class='product-price']' contains exact text '40.00'.</msg>
<arg>${ass_price}</arg>
<arg>40.00</arg>
<doc>Verifies that element ``locator`` contains exact the text ``expected``.</doc>
<status status="PASS" start="2024-05-28T15:17:46.054371" elapsed="0.044871"/>
</kw>
<status status="PASS" start="2024-05-28T15:17:41.300708" elapsed="4.798534"/>
</kw>
<kw name="close browser session" owner="GenericResources" type="TEARDOWN">
<kw name="Close Browser" owner="SeleniumLibrary">
<doc>Closes the current browser.</doc>
<status status="PASS" start="2024-05-28T15:17:46.100262" elapsed="2.194416"/>
</kw>
<status status="PASS" start="2024-05-28T15:17:46.100262" elapsed="2.194416"/>
</kw>
<status status="PASS" start="2024-05-28T15:17:36.189291" elapsed="12.106490"/>
</test>
<test id="s1-s1-s1-s1-s10-t5" name="verify the element of created on" line="24">
<kw name="open the browser" owner="GenericResources" type="SETUP">
<kw name="Create Webdriver" owner="SeleniumLibrary">
<msg time="2024-05-28T15:17:48.297779" level="INFO">Creating an instance of the Chrome WebDriver.</msg>
<arg>${browser}</arg>
<doc>Creates an instance of Selenium WebDriver.</doc>
<status status="PASS" start="2024-05-28T15:17:48.297779" elapsed="1.566781"/>
</kw>
<kw name="Go To" owner="SeleniumLibrary">
<msg time="2024-05-28T15:17:49.864560" level="INFO">Opening url 'https://demowebshop.tricentis.com'</msg>
<arg>${url}</arg>
<doc>Navigates the current browser window to the provided ``url``.</doc>
<status status="PASS" start="2024-05-28T15:17:49.864560" elapsed="4.055217"/>
</kw>
<kw name="Maximize Browser Window" owner="SeleniumLibrary">
<doc>Maximizes current browser window.</doc>
<status status="PASS" start="2024-05-28T15:17:53.920776" elapsed="0.039449"/>
</kw>
<kw name="Set Selenium Implicit Wait" owner="SeleniumLibrary">
<arg>5</arg>
<doc>Sets the implicit wait value used by Selenium.</doc>
<status status="PASS" start="2024-05-28T15:17:53.960225" elapsed="0.001001"/>
</kw>
<status status="PASS" start="2024-05-28T15:17:48.296785" elapsed="5.664441"/>
</kw>
<kw name="click the appereal created on" owner="ApparealResources">
<kw name="Click Link" owner="SeleniumLibrary">
<msg time="2024-05-28T15:17:53.963224" level="INFO">Clicking link 'css:a[href='/apparel-shoes']'.</msg>
<arg>${appereal}</arg>
<doc>Clicks a link identified by ``locator``.</doc>
<status status="PASS" start="2024-05-28T15:17:53.962224" elapsed="0.967708"/>
</kw>
<kw name="Select From List By Label" owner="SeleniumLibrary">
<msg time="2024-05-28T15:17:54.929932" level="INFO">Selecting options from selection list 'id:products-orderby' by label Created on.</msg>
<arg>id:products-orderby</arg>
<arg>Created on</arg>
<doc>Selects options from selection list ``locator`` by ``labels``.</doc>
<status status="PASS" start="2024-05-28T15:17:54.929932" elapsed="0.927384"/>
</kw>
<kw name="Select From List By Label" owner="SeleniumLibrary">
<msg time="2024-05-28T15:17:55.858320" level="INFO">Selecting options from selection list 'id:products-pagesize' by label 4.</msg>
<arg>id:products-pagesize</arg>
<arg>4</arg>
<doc>Selects options from selection list ``locator`` by ``labels``.</doc>
<status status="PASS" start="2024-05-28T15:17:55.857316" elapsed="0.715286"/>
</kw>
<kw name="Select From List By Label" owner="SeleniumLibrary">
<msg time="2024-05-28T15:17:56.573606" level="INFO">Selecting options from selection list 'id:products-viewmode' by label Grid.</msg>
<arg>id:products-viewmode</arg>
<arg>Grid</arg>
<doc>Selects options from selection list ``locator`` by ``labels``.</doc>
<status status="PASS" start="2024-05-28T15:17:56.572602" elapsed="0.058860"/>
</kw>
<kw name="Click Element" owner="SeleniumLibrary">
<msg time="2024-05-28T15:17:56.631462" level="INFO">Clicking element 'xpath=//h2[@class='product-title']'.</msg>
<arg>${create}</arg>
<doc>Click the element identified by ``locator``.</doc>
<status status="PASS" start="2024-05-28T15:17:56.631462" elapsed="1.505923"/>
</kw>
<kw name="Log To Console" owner="BuiltIn">
<arg>${ass_create}</arg>
<doc>Logs the given message to the console.</doc>
<status status="PASS" start="2024-05-28T15:17:58.137385" elapsed="0.000000"/>
</kw>
<kw name="Element Text Should Be" owner="SeleniumLibrary">
<msg time="2024-05-28T15:17:58.138343" level="INFO">Verifying element 'xpath=//div[@class='product-name']' contains exact text 'Green and blue Sneaker'.</msg>
<arg>${ass_create}</arg>
<arg>Green and blue Sneaker</arg>
<doc>Verifies that element ``locator`` contains exact the text ``expected``.</doc>
<status status="PASS" start="2024-05-28T15:17:58.138343" elapsed="0.049848"/>
</kw>
<status status="PASS" start="2024-05-28T15:17:53.962224" elapsed="4.226964"/>
</kw>
<kw name="close browser session" owner="GenericResources" type="TEARDOWN">
<kw name="Close Browser" owner="SeleniumLibrary">
<doc>Closes the current browser.</doc>
<status status="PASS" start="2024-05-28T15:17:58.189188" elapsed="2.215213"/>
</kw>
<status status="PASS" start="2024-05-28T15:17:58.189188" elapsed="2.215213"/>
</kw>
<tag>regreesion</tag>
<status status="PASS" start="2024-05-28T15:17:48.295781" elapsed="12.108620"/>
</test>
<doc>Test the sort values in the page</doc>
<status status="PASS" start="2024-05-28T15:17:00.492819" elapsed="59.912582"/>
</suite>
<suite id="s1-s1-s1-s1-s11" name="Test Computers" source="E:\Project\DemoWebShop\Resources\PilotProject__DemoWebShop_Team4\TestCase\Test_Computers.robot">
<test id="s1-s1-s1-s1-s11-t1" name="Select the Desktops from computers" line="11">
<kw name="Open the Browser with url" type="SETUP">
<msg time="2024-05-28T15:18:00.424465" level="FAIL">No keyword with name 'Open the Browser with url' found. Did you try using keyword 'GenericResources.open the browser' and forgot to use enough whitespace between keyword and arguments?</msg>
<status status="FAIL" start="2024-05-28T15:18:00.423389" elapsed="0.001076">No keyword with name 'Open the Browser with url' found. Did you try using keyword 'GenericResources.open the browser' and forgot to use enough whitespace between keyword and arguments?</status>
</kw>
<kw name="close browser session" owner="GenericResources" type="TEARDOWN">
<kw name="Close Browser" owner="SeleniumLibrary">
<doc>Closes the current browser.</doc>
<status status="PASS" start="2024-05-28T15:18:00.425521" elapsed="0.000000"/>
</kw>
<status status="PASS" start="2024-05-28T15:18:00.424465" elapsed="0.001056"/>
</kw>
<status status="FAIL" start="2024-05-28T15:18:00.420008" elapsed="0.005513">Setup failed:
No keyword with name 'Open the Browser with url' found. Did you try using keyword 'GenericResources.open the browser' and forgot to use enough whitespace between keyword and arguments?</status>
</test>
<test id="s1-s1-s1-s1-s11-t2" name="Select the Notebooks from computers" line="15">
<kw name="Open the Browser with url" type="SETUP">
<msg time="2024-05-28T15:18:00.429609" level="FAIL">No keyword with name 'Open the Browser with url' found. Did you try using keyword 'GenericResources.open the browser' and forgot to use enough whitespace between keyword and arguments?</msg>
<status status="FAIL" start="2024-05-28T15:18:00.429609" elapsed="0.000000">No keyword with name 'Open the Browser with url' found. Did you try using keyword 'GenericResources.open the browser' and forgot to use enough whitespace between keyword and arguments?</status>
</kw>
<kw name="close browser session" owner="GenericResources" type="TEARDOWN">
<kw name="Close Browser" owner="SeleniumLibrary">
<doc>Closes the current browser.</doc>
<status status="PASS" start="2024-05-28T15:18:00.430612" elapsed="0.000000"/>
</kw>
<status status="PASS" start="2024-05-28T15:18:00.430612" elapsed="0.000000"/>
</kw>
<status status="FAIL" start="2024-05-28T15:18:00.425521" elapsed="0.005091">Setup failed:
No keyword with name 'Open the Browser with url' found. Did you try using keyword 'GenericResources.open the browser' and forgot to use enough whitespace between keyword and arguments?</status>
</test>
<test id="s1-s1-s1-s1-s11-t3" name="Select the Accessories from computers" line="19">
<kw name="Open the Browser with url" type="SETUP">
<msg time="2024-05-28T15:18:00.435445" level="FAIL">No keyword with name 'Open the Browser with url' found. Did you try using keyword 'GenericResources.open the browser' and forgot to use enough whitespace between keyword and arguments?</msg>
<status status="FAIL" start="2024-05-28T15:18:00.435445" elapsed="0.000000">No keyword with name 'Open the Browser with url' found. Did you try using keyword 'GenericResources.open the browser' and forgot to use enough whitespace between keyword and arguments?</status>
</kw>
<kw name="close browser session" owner="GenericResources" type="TEARDOWN">
<kw name="Close Browser" owner="SeleniumLibrary">
<doc>Closes the current browser.</doc>
<status status="PASS" start="2024-05-28T15:18:00.435445" elapsed="0.000999"/>
</kw>
<status status="PASS" start="2024-05-28T15:18:00.435445" elapsed="0.000999"/>
</kw>
<status status="FAIL" start="2024-05-28T15:18:00.431619" elapsed="0.004825">Setup failed:
No keyword with name 'Open the Browser with url' found. Did you try using keyword 'GenericResources.open the browser' and forgot to use enough whitespace between keyword and arguments?</status>
</test>
<doc>Tests to validate Computer dropdowns</doc>
<status status="FAIL" start="2024-05-28T15:18:00.406402" elapsed="0.030042"/>
</suite>
<suite id="s1-s1-s1-s1-s12" name="Test Computerservice" source="E:\Project\DemoWebShop\Resources\PilotProject__DemoWebShop_Team4\TestCase\Test_Computerservice.robot">
<test id="s1-s1-s1-s1-s12-t1" name="Validate Search Field" line="12">
<kw name="Open the Browser with url" type="SETUP">
<msg time="2024-05-28T15:18:00.460630" level="FAIL">No keyword with name 'Open the Browser with url' found. Did you try using keyword 'GenericResources.open the browser' and forgot to use enough whitespace between keyword and arguments?</msg>
<status status="FAIL" start="2024-05-28T15:18:00.460630" elapsed="0.000000">No keyword with name 'Open the Browser with url' found. Did you try using keyword 'GenericResources.open the browser' and forgot to use enough whitespace between keyword and arguments?</status>
</kw>
<kw name="close browser session" owner="GenericResources" type="TEARDOWN">
<kw name="Close Browser" owner="SeleniumLibrary">
<doc>Closes the current browser.</doc>
<status status="PASS" start="2024-05-28T15:18:00.461741" elapsed="0.000000"/>
</kw>
<status status="PASS" start="2024-05-28T15:18:00.460630" elapsed="0.001111"/>
</kw>
<status status="FAIL" start="2024-05-28T15:18:00.456426" elapsed="0.005315">Setup failed:
No keyword with name 'Open the Browser with url' found. Did you try using keyword 'GenericResources.open the browser' and forgot to use enough whitespace between keyword and arguments?</status>
</test>
<test id="s1-s1-s1-s1-s12-t2" name="Validate for news field" line="30">
<kw name="Open the Browser with url" type="SETUP">
<msg time="2024-05-28T15:18:00.466642" level="FAIL">No keyword with name 'Open the Browser with url' found. Did you try using keyword 'GenericResources.open the browser' and forgot to use enough whitespace between keyword and arguments?</msg>
<status status="FAIL" start="2024-05-28T15:18:00.466642" elapsed="0.000000">No keyword with name 'Open the Browser with url' found. Did you try using keyword 'GenericResources.open the browser' and forgot to use enough whitespace between keyword and arguments?</status>
</kw>
<kw name="close browser session" owner="GenericResources" type="TEARDOWN">
<kw name="Close Browser" owner="SeleniumLibrary">
<doc>Closes the current browser.</doc>
<status status="PASS" start="2024-05-28T15:18:00.466642" elapsed="0.001000"/>
</kw>
<status status="PASS" start="2024-05-28T15:18:00.466642" elapsed="0.001000"/>
</kw>
<status status="FAIL" start="2024-05-28T15:18:00.462749" elapsed="0.004893">Setup failed:
No keyword with name 'Open the Browser with url' found. Did you try using keyword 'GenericResources.open the browser' and forgot to use enough whitespace between keyword and arguments?</status>
</test>
<test id="s1-s1-s1-s1-s12-t3" name="Validate the blog field" line="37">
<kw name="Open the Browser with url" type="SETUP">
[...]
</kw>
<kw name="Close Browser session" owner="GenericResources" type="TEARDOWN">
<kw name="Close Browser" owner="SeleniumLibrary">
<doc>Closes the current browser.</doc>
<status status="PASS" start="2024-05-28T15:23:39.309777" elapsed="2.158304"/>
</kw>
<status status="PASS" start="2024-05-28T15:23:39.309777" elapsed="2.159354"/>
</kw>
<status status="PASS" start="2024-05-28T15:23:32.943640" elapsed="8.525491"/>
</test>
<doc>To validate order information</doc>
<status status="PASS" start="2024-05-28T15:23:32.932215" elapsed="8.537934"/>
</suite>
<status status="PASS" start="2024-05-28T15:20:30.321947" elapsed="191.150200"/>
</suite>
<status status="FAIL" start="2024-05-28T15:15:45.606106" elapsed="475.867041"/>
</suite>
<statistics>
<total>
<stat pass="41" fail="33" skip="0">All Tests</stat>
</total>
<tag>
<stat pass="1" fail="0" skip="0">regreesion</stat>
<stat pass="2" fail="0" skip="0">regression</stat>
<stat pass="0" fail="6" skip="0">Regression test</stat>
<stat pass="0" fail="1" skip="0">retest</stat>
<stat pass="3" fail="0" skip="0">sanity</stat>
<stat pass="1" fail="0" skip="0">sanity.</stat>
<stat pass="7" fail="0" skip="0">smoke</stat>
<stat pass="0" fail="9" skip="0">smoketest</stat>
</tag>
<suite>
<stat pass="41" fail="33" skip="0" id="s1" name="DemoWebShop">DemoWebShop</stat>
<stat pass="22" fail="33" skip="0" id="s1-s1" name="Resources">DemoWebShop.Resources</stat>
<stat pass="22" fail="33" skip="0" id="s1-s1-s1" name="DemoWebShop Team4">DemoWebShop.Resources.DemoWebShop Team4</stat>
<stat pass="22" fail="33" skip="0" id="s1-s1-s1-s1" name="TestCase">DemoWebShop.Resources.DemoWebShop Team4.TestCase</stat>
<stat pass="0" fail="5" skip="0" id="s1-s1-s1-s1-s1" name="JewelryTest">DemoWebShop.Resources.DemoWebShop Team4.TestCase.JewelryTest</stat>
<stat pass="0" fail="1" skip="0" id="s1-s1-s1-s1-s2" name="MyAccountTest">DemoWebShop.Resources.DemoWebShop Team4.TestCase.MyAccountTest</stat>
<stat pass="1" fail="0" skip="0" id="s1-s1-s1-s1-s3" name="MyAccountTest BackInStockSubscriptions">DemoWebShop.Resources.DemoWebShop Team4.TestCase.MyAccountTest BackInStockSubscriptions</stat>
<stat pass="1" fail="0" skip="0" id="s1-s1-s1-s1-s4" name="MyAccountTest ChangePassword">DemoWebShop.Resources.DemoWebShop Team4.TestCase.MyAccountTest ChangePassword</stat>
<stat pass="1" fail="0" skip="0" id="s1-s1-s1-s1-s5" name="MyAccountTest CustomerAddress">DemoWebShop.Resources.DemoWebShop Team4.TestCase.MyAccountTest CustomerAddress</stat>
<stat pass="1" fail="0" skip="0" id="s1-s1-s1-s1-s6" name="MyAccountTest EditCustomerAddress">DemoWebShop.Resources.DemoWebShop Team4.TestCase.MyAccountTest EditCustomerAddress</stat>
<stat pass="1" fail="0" skip="0" id="s1-s1-s1-s1-s7" name="MyAccountTest Login">DemoWebShop.Resources.DemoWebShop Team4.TestCase.MyAccountTest Login</stat>
<stat pass="1" fail="0" skip="0" id="s1-s1-s1-s1-s8" name="MyAccountTest RewardPoints">DemoWebShop.Resources.DemoWebShop Team4.TestCase.MyAccountTest RewardPoints</stat>
<stat pass="1" fail="0" skip="0" id="s1-s1-s1-s1-s9" name="MyAddressTest Orders">DemoWebShop.Resources.DemoWebShop Team4.TestCase.MyAddressTest Orders</stat>
<stat pass="5" fail="0" skip="0" id="s1-s1-s1-s1-s10" name="Test Appeal">DemoWebShop.Resources.DemoWebShop Team4.TestCase.Test Appeal</stat>
<stat pass="0" fail="3" skip="0" id="s1-s1-s1-s1-s11" name="Test Computers">DemoWebShop.Resources.DemoWebShop Team4.TestCase.Test Computers</stat>
<stat pass="0" fail="4" skip="0" id="s1-s1-s1-s1-s12" name="Test Computerservice">DemoWebShop.Resources.DemoWebShop Team4.TestCase.Test Computerservice</stat>
<stat pass="3" fail="2" skip="0" id="s1-s1-s1-s1-s13" name="Test contact">DemoWebShop.Resources.DemoWebShop Team4.TestCase.Test contact</stat>
<stat pass="1" fail="0" skip="0" id="s1-s1-s1-s1-s14" name="Test Forgotpass">DemoWebShop.Resources.DemoWebShop Team4.TestCase.Test Forgotpass</stat>
<stat pass="4" fail="0" skip="0" id="s1-s1-s1-s1-s15" name="Test InvalidLogin">DemoWebShop.Resources.DemoWebShop Team4.TestCase.Test InvalidLogin</stat>
<stat pass="0" fail="1" skip="0" id="s1-s1-s1-s1-s16" name="Test Register Female">DemoWebShop.Resources.DemoWebShop Team4.TestCase.Test Register Female</stat>
<stat pass="1" fail="0" skip="0" id="s1-s1-s1-s1-s17" name="Test Register Invalid">DemoWebShop.Resources.DemoWebShop Team4.TestCase.Test Register Invalid</stat>
<stat pass="0" fail="1" skip="0" id="s1-s1-s1-s1-s18" name="Test Register Male">DemoWebShop.Resources.DemoWebShop Team4.TestCase.Test Register Male</stat>
<stat pass="1" fail="0" skip="0" id="s1-s1-s1-s1-s19" name="Test ValidLogin">DemoWebShop.Resources.DemoWebShop Team4.TestCase.Test ValidLogin</stat>
<stat pass="0" fail="1" skip="0" id="s1-s1-s1-s1-s20" name="TestBookmoduleaddtocart">DemoWebShop.Resources.DemoWebShop Team4.TestCase.TestBookmoduleaddtocart</stat>
<stat pass="0" fail="1" skip="0" id="s1-s1-s1-s1-s21" name="TestBookmoduleclickproduct">DemoWebShop.Resources.DemoWebShop Team4.TestCase.TestBookmoduleclickproduct</stat>
<stat pass="0" fail="1" skip="0" id="s1-s1-s1-s1-s22" name="TestBookmoduledisplay">DemoWebShop.Resources.DemoWebShop Team4.TestCase.TestBookmoduledisplay</stat>
<stat pass="0" fail="1" skip="0" id="s1-s1-s1-s1-s23" name="TestBookmodulefilterprice">DemoWebShop.Resources.DemoWebShop Team4.TestCase.TestBookmodulefilterprice</stat>
<stat pass="0" fail="1" skip="0" id="s1-s1-s1-s1-s24" name="TestBookmoduleremovefilter">DemoWebShop.Resources.DemoWebShop Team4.TestCase.TestBookmoduleremovefilter</stat>
<stat pass="0" fail="1" skip="0" id="s1-s1-s1-s1-s25" name="TestBookmoduleremoveproduct">DemoWebShop.Resources.DemoWebShop Team4.TestCase.TestBookmoduleremoveproduct</stat>
<stat pass="0" fail="1" skip="0" id="s1-s1-s1-s1-s26" name="TestBookmoduleshoppincart">DemoWebShop.Resources.DemoWebShop Team4.TestCase.TestBookmoduleshoppincart</stat>
<stat pass="0" fail="1" skip="0" id="s1-s1-s1-s1-s27" name="TestBookmodulesortby">DemoWebShop.Resources.DemoWebShop Team4.TestCase.TestBookmodulesortby</stat>
<stat pass="0" fail="1" skip="0" id="s1-s1-s1-s1-s28" name="TestBookmodulesortbyprice">DemoWebShop.Resources.DemoWebShop Team4.TestCase.TestBookmodulesortbyprice</stat>
<stat pass="0" fail="1" skip="0" id="s1-s1-s1-s1-s29" name="TestBookmoduleview">DemoWebShop.Resources.DemoWebShop Team4.TestCase.TestBookmoduleview</stat>
<stat pass="0" fail="1" skip="0" id="s1-s1-s1-s1-s30" name="TestInformationmoduleaboutus">DemoWebShop.Resources.DemoWebShop Team4.TestCase.TestInformationmoduleaboutus</stat>
<stat pass="0" fail="1" skip="0" id="s1-s1-s1-s1-s31" name="TestInformationmodulecondition">DemoWebShop.Resources.DemoWebShop Team4.TestCase.TestInformationmodulecondition</stat>
<stat pass="0" fail="1" skip="0" id="s1-s1-s1-s1-s32" name="TestInformationmodulecontactus">DemoWebShop.Resources.DemoWebShop Team4.TestCase.TestInformationmodulecontactus</stat>
<stat pass="0" fail="1" skip="0" id="s1-s1-s1-s1-s33" name="TestInformationmoduleprivacy">DemoWebShop.Resources.DemoWebShop Team4.TestCase.TestInformationmoduleprivacy</stat>
<stat pass="0" fail="1" skip="0" id="s1-s1-s1-s1-s34" name="TestInformationmoduleshipping">DemoWebShop.Resources.DemoWebShop Team4.TestCase.TestInformationmoduleshipping</stat>
<stat pass="0" fail="1" skip="0" id="s1-s1-s1-s1-s35" name="TestInformationmodulesitemap">DemoWebShop.Resources.DemoWebShop Team4.TestCase.TestInformationmodulesitemap</stat>
<stat pass="19" fail="0" skip="0" id="s1-s2" name="TestCase">DemoWebShop.TestCase</stat>
<stat pass="1" fail="0" skip="0" id="s1-s2-s1" name="ExceptionTest">DemoWebShop.TestCase.ExceptionTest</stat>
<stat pass="1" fail="0" skip="0" id="s1-s2-s2" name="JavaScriptTest">DemoWebShop.TestCase.JavaScriptTest</stat>
<stat pass="10" fail="0" skip="0" id="s1-s2-s3" name="JewelryTest">DemoWebShop.TestCase.JewelryTest</stat>
<stat pass="1" fail="0" skip="0" id="s1-s2-s4" name="MyAccountTest BackInStockSubscriptions">DemoWebShop.TestCase.MyAccountTest BackInStockSubscriptions</stat>
<stat pass="1" fail="0" skip="0" id="s1-s2-s5" name="MyAccountTest ChangePassword">DemoWebShop.TestCase.MyAccountTest ChangePassword</stat>
<stat pass="1" fail="0" skip="0" id="s1-s2-s6" name="MyAccountTest CustomerAddress">DemoWebShop.TestCase.MyAccountTest CustomerAddress</stat>
<stat pass="1" fail="0" skip="0" id="s1-s2-s7" name="MyAccountTest EditCustomerAddress">DemoWebShop.TestCase.MyAccountTest EditCustomerAddress</stat>
<stat pass="1" fail="0" skip="0" id="s1-s2-s8" name="MyAccountTest Login">DemoWebShop.TestCase.MyAccountTest Login</stat>
<stat pass="1" fail="0" skip="0" id="s1-s2-s9" name="MyAccountTest RewardPoints">DemoWebShop.TestCase.MyAccountTest RewardPoints</stat>
<stat pass="1" fail="0" skip="0" id="s1-s2-s10" name="MyAddressTest Orders">DemoWebShop.TestCase.MyAddressTest Orders</stat>
</suite>
</statistics>
<errors>
<msg time="2024-05-28T15:19:09.663885" level="WARN">Multiple tests with name 'Invalid Login test' executed in suite 'DemoWebShop.Resources.DemoWebShop Team4.TestCase.Test InvalidLogin'.</msg>
<msg time="2024-05-28T15:19:18.593686" level="WARN">Multiple tests with name 'Invalid Login test' executed in suite 'DemoWebShop.Resources.DemoWebShop Team4.TestCase.Test InvalidLogin'.</msg>
<msg time="2024-05-28T15:19:31.888831" level="WARN">Multiple tests with name 'Invalid Login test' executed in suite 'DemoWebShop.Resources.DemoWebShop Team4.TestCase.Test InvalidLogin'.</msg>
<msg time="2024-05-28T15:20:30.145928" level="ERROR">Error in file 'E:\Project\DemoWebShop\Resources\PilotProject__DemoWebShop_Team4\TestCase\TestBookmoduleaddtocart.robot' on line 8: Resource file 'E:\EXPLEO\Automation Project\PilotProject__DemoWebShop_Team4\Resources\Genericresource.robot' does not exist.</msg>
<msg time="2024-05-28T15:20:30.146828" level="ERROR">Error in file 'E:\Project\DemoWebShop\Resources\PilotProject__DemoWebShop_Team4\TestCase\TestBookmoduleaddtocart.robot' on line 9: Resource file 'E:\EXPLEO\Automation Project\PilotProject__DemoWebShop_Team4\Resources\bookmoduleresource.robot' does not exist.</msg>
<msg time="2024-05-28T15:20:30.157032" level="ERROR">Error in file 'E:\Project\DemoWebShop\Resources\PilotProject__DemoWebShop_Team4\TestCase\TestBookmoduleclickproduct.robot' on line 9: Resource file 'E:\EXPLEO\Automation Project\PilotProject__DemoWebShop_Team4\Resources\Genericresource.robot' does not exist.</msg>
<msg time="2024-05-28T15:20:30.157032" level="ERROR">Error in file 'E:\Project\DemoWebShop\Resources\PilotProject__DemoWebShop_Team4\TestCase\TestBookmoduleclickproduct.robot' on line 10: Resource file 'E:\EXPLEO\Automation Project\PilotProject__DemoWebShop_Team4\Resources\bookmoduleresource.robot' does not exist.</msg>
<msg time="2024-05-28T15:20:30.166742" level="ERROR">Error in file 'E:\Project\DemoWebShop\Resources\PilotProject__DemoWebShop_Team4\TestCase\TestBookmoduledisplay.robot' on line 8: Resource file 'E:\EXPLEO\Automation Project\PilotProject__DemoWebShop_Team4\Resources\Genericresource.robot' does not exist.</msg>
<msg time="2024-05-28T15:20:30.166742" level="ERROR">Error in file 'E:\Project\DemoWebShop\Resources\PilotProject__DemoWebShop_Team4\TestCase\TestBookmoduledisplay.robot' on line 9: Resource file 'E:\EXPLEO\Automation Project\PilotProject__DemoWebShop_Team4\Resources\bookmoduleresource.robot' does not exist.</msg>
<msg time="2024-05-28T15:20:30.175953" level="ERROR">Error in file 'E:\Project\DemoWebShop\Resources\PilotProject__DemoWebShop_Team4\TestCase\TestBookmodulefilterprice.robot' on line 8: Resource file 'E:\EXPLEO\Automation Project\PilotProject__DemoWebShop_Team4\Resources\Genericresource.robot' does not exist.</msg>
<msg time="2024-05-28T15:20:30.175953" level="ERROR">Error in file 'E:\Project\DemoWebShop\Resources\PilotProject__DemoWebShop_Team4\TestCase\TestBookmodulefilterprice.robot' on line 9: Resource file 'E:\EXPLEO\Automation Project\PilotProject__DemoWebShop_Team4\Resources\bookmoduleresource.robot' does not exist.</msg>
<msg time="2024-05-28T15:20:30.184080" level="ERROR">Error in file 'E:\Project\DemoWebShop\Resources\PilotProject__DemoWebShop_Team4\TestCase\TestBookmoduleremovefilter.robot' on line 8: Resource file 'E:\EXPLEO\Automation Project\PilotProject__DemoWebShop_Team4\Resources\Genericresource.robot' does not exist.</msg>
<msg time="2024-05-28T15:20:30.185367" level="ERROR">Error in file 'E:\Project\DemoWebShop\Resources\PilotProject__DemoWebShop_Team4\TestCase\TestBookmoduleremovefilter.robot' on line 9: Resource file 'E:\EXPLEO\Automation Project\PilotProject__DemoWebShop_Team4\Resources\bookmoduleresource.robot' does not exist.</msg>
<msg time="2024-05-28T15:20:30.194486" level="ERROR">Error in file 'E:\Project\DemoWebShop\Resources\PilotProject__DemoWebShop_Team4\TestCase\TestBookmoduleremoveproduct.robot' on line 8: Resource file 'E:\EXPLEO\Automation Project\PilotProject__DemoWebShop_Team4\Resources\Genericresource.robot' does not exist.</msg>
<msg time="2024-05-28T15:20:30.194486" level="ERROR">Error in file 'E:\Project\DemoWebShop\Resources\PilotProject__DemoWebShop_Team4\TestCase\TestBookmoduleremoveproduct.robot' on line 9: Resource file 'E:\EXPLEO\Automation Project\PilotProject__DemoWebShop_Team4\Resources\bookmoduleresource.robot' does not exist.</msg>
<msg time="2024-05-28T15:20:30.203117" level="ERROR">Error in file 'E:\Project\DemoWebShop\Resources\PilotProject__DemoWebShop_Team4\TestCase\TestBookmoduleshoppincart.robot' on line 8: Resource file 'E:\EXPLEO\Automation Project\PilotProject__DemoWebShop_Team4\Resources\Genericresource.robot' does not exist.</msg>
<msg time="2024-05-28T15:20:30.204113" level="ERROR">Error in file 'E:\Project\DemoWebShop\Resources\PilotProject__DemoWebShop_Team4\TestCase\TestBookmoduleshoppincart.robot' on line 9: Resource file 'E:\EXPLEO\Automation Project\PilotProject__DemoWebShop_Team4\Resources\bookmoduleresource.robot' does not exist.</msg>
<msg time="2024-05-28T15:20:30.213262" level="ERROR">Error in file 'E:\Project\DemoWebShop\Resources\PilotProject__DemoWebShop_Team4\TestCase\TestBookmodulesortby.robot' on line 8: Resource file 'E:\EXPLEO\Automation Project\PilotProject__DemoWebShop_Team4\Resources\Genericresource.robot' does not exist.</msg>
<msg time="2024-05-28T15:20:30.213262" level="ERROR">Error in file 'E:\Project\DemoWebShop\Resources\PilotProject__DemoWebShop_Team4\TestCase\TestBookmodulesortby.robot' on line 9: Resource file 'E:\EXPLEO\Automation Project\PilotProject__DemoWebShop_Team4\Resources\bookmoduleresource.robot' does not exist.</msg>
<msg time="2024-05-28T15:20:30.222368" level="ERROR">Error in file 'E:\Project\DemoWebShop\Resources\PilotProject__DemoWebShop_Team4\TestCase\TestBookmodulesortbyprice.robot' on line 8: Resource file 'E:\EXPLEO\Automation Project\PilotProject__DemoWebShop_Team4\Resources\Genericresource.robot' does not exist.</msg>
<msg time="2024-05-28T15:20:30.222368" level="ERROR">Error in file 'E:\Project\DemoWebShop\Resources\PilotProject__DemoWebShop_Team4\TestCase\TestBookmodulesortbyprice.robot' on line 9: Resource file 'E:\EXPLEO\Automation Project\PilotProject__DemoWebShop_Team4\Resources\bookmoduleresource.robot' does not exist.</msg>
<msg time="2024-05-28T15:20:30.230660" level="ERROR">Error in file 'E:\Project\DemoWebShop\Resources\PilotProject__DemoWebShop_Team4\TestCase\TestBookmoduleview.robot' on line 8: Resource file 'E:\EXPLEO\Automation Project\PilotProject__DemoWebShop_Team4\Resources\Genericresource.robot' does not exist.</msg>
<msg time="2024-05-28T15:20:30.231657" level="ERROR">Error in file 'E:\Project\DemoWebShop\Resources\PilotProject__DemoWebShop_Team4\TestCase\TestBookmoduleview.robot' on line 9: Resource file 'E:\EXPLEO\Automation Project\PilotProject__DemoWebShop_Team4\Resources\bookmoduleresource.robot' does not exist.</msg>
<msg time="2024-05-28T15:20:30.241103" level="ERROR">Error in file 'E:\Project\DemoWebShop\Resources\PilotProject__DemoWebShop_Team4\TestCase\TestInformationmoduleaboutus.robot' on line 8: Resource file 'E:\EXPLEO\Automation Project\PilotProject__DemoWebShop_Team4\Resources\Genericresource.robot' does not exist.</msg>
<msg time="2024-05-28T15:20:30.241103" level="ERROR">Error in file 'E:\Project\DemoWebShop\Resources\PilotProject__DemoWebShop_Team4\TestCase\TestInformationmoduleaboutus.robot' on line 9: Resource file 'E:\EXPLEO\Automation Project\PilotProject__DemoWebShop_Team4\Resources\Informationmoduleresource.robot' does not exist.</msg>
<msg time="2024-05-28T15:20:30.252101" level="ERROR">Error in file 'E:\Project\DemoWebShop\Resources\PilotProject__DemoWebShop_Team4\TestCase\TestInformationmodulecondition.robot' on line 9: Resource file 'E:\EXPLEO\Automation Project\PilotProject__DemoWebShop_Team4\Resources\Genericresource.robot' does not exist.</msg>
<msg time="2024-05-28T15:20:30.252101" level="ERROR">Error in file 'E:\Project\DemoWebShop\Resources\PilotProject__DemoWebShop_Team4\TestCase\TestInformationmodulecondition.robot' on line 10: Resource file 'E:\EXPLEO\Automation Project\PilotProject__DemoWebShop_Team4\Resources\Informationmoduleresource.robot' does not exist.</msg>
<msg time="2024-05-28T15:20:30.269098" level="ERROR">Error in file 'E:\Project\DemoWebShop\Resources\PilotProject__DemoWebShop_Team4\TestCase\TestInformationmodulecontactus.robot' on line 9: Resource file 'E:\EXPLEO\Automation Project\PilotProject__DemoWebShop_Team4\Resources\Genericresource.robot' does not exist.</msg>
<msg time="2024-05-28T15:20:30.269098" level="ERROR">Error in file 'E:\Project\DemoWebShop\Resources\PilotProject__DemoWebShop_Team4\TestCase\TestInformationmodulecontactus.robot' on line 10: Resource file 'E:\EXPLEO\Automation Project\PilotProject__DemoWebShop_Team4\Resources\Informationmoduleresource.robot' does not exist.</msg>
<msg time="2024-05-28T15:20:30.284225" level="ERROR">Error in file 'E:\Project\DemoWebShop\Resources\PilotProject__DemoWebShop_Team4\TestCase\TestInformationmoduleprivacy.robot' on line 9: Resource file 'E:\EXPLEO\Automation Project\PilotProject__DemoWebShop_Team4\Resources\Genericresource.robot' does not exist.</msg>
<msg time="2024-05-28T15:20:30.284225" level="ERROR">Error in file 'E:\Project\DemoWebShop\Resources\PilotProject__DemoWebShop_Team4\TestCase\TestInformationmoduleprivacy.robot' on line 10: Resource file 'E:\EXPLEO\Automation Project\PilotProject__DemoWebShop_Team4\Resources\Informationmoduleresource.robot' does not exist.</msg>
<msg time="2024-05-28T15:20:30.299942" level="ERROR">Error in file 'E:\Project\DemoWebShop\Resources\PilotProject__DemoWebShop_Team4\TestCase\TestInformationmoduleshipping.robot' on line 8: Resource file 'E:\EXPLEO\Automation Project\PilotProject__DemoWebShop_Team4\Resources\Genericresource.robot' does not exist.</msg>
<msg time="2024-05-28T15:20:30.300943" level="ERROR">Error in file 'E:\Project\DemoWebShop\Resources\PilotProject__DemoWebShop_Team4\TestCase\TestInformationmoduleshipping.robot' on line 9: Resource file 'E:\EXPLEO\Automation Project\PilotProject__DemoWebShop_Team4\Resources\Informationmoduleresource.robot' does not exist.</msg>
<msg time="2024-05-28T15:20:30.309952" level="ERROR">Error in file 'E:\Project\DemoWebShop\Resources\PilotProject__DemoWebShop_Team4\TestCase\TestInformationmodulesitemap.robot' on line 8: Resource file 'E:\EXPLEO\Automation Project\PilotProject__DemoWebShop_Team4\Resources\Genericresource.robot' does not exist.</msg>
<msg time="2024-05-28T15:20:30.309952" level="ERROR">Error in file 'E:\Project\DemoWebShop\Resources\PilotProject__DemoWebShop_Team4\TestCase\TestInformationmodulesitemap.robot' on line 9: Resource file 'E:\EXPLEO\Automation Project\PilotProject__DemoWebShop_Team4\Resources\Informationmoduleresource.robot' does not exist.</msg>
<msg time="2024-05-28T15:20:30.310944" level="ERROR">Error in file 'E:\Project\DemoWebShop\Resources\PilotProject__DemoWebShop_Team4\TestCase\TestInformationmodulesitemap.robot' on line 10: Resource file 'E:\EXPLEO\Automation Project\PilotProject__DemoWebShop_Team4\Resources\bookmoduleresource.robot' does not exist.</msg>
</errors>
</robot>
