<?xml version="1.0" encoding="UTF-8"?>
<robot generator="Robot 7.0 (Python 3.11.6 on win32)" generated="2024-05-28T11:03:32.549855" rpa="false" schemaversion="5">
<suite id="s1" name="TestCase" source="E:\Project\DemoWebShop\TestCase">
<suite id="s1-s1" name="MyAccountTest ChangePassword" source="E:\Project\DemoWebShop\TestCase\MyAccountTest_ChangePassword.robot">
<test id="s1-s1-t1" name="Validate the change password" line="11">
<kw name="Open the Browser with url" owner="GenericResources" type="SETUP">
<kw name="Create Webdriver" owner="SeleniumLibrary">
<msg time="2024-05-28T11:03:32.976616" level="INFO">Creating an instance of the Chrome WebDriver.</msg>
<arg>Chrome</arg>
<doc>Creates an instance of Selenium WebDriver.</doc>
<status status="PASS" start="2024-05-28T11:03:32.976616" elapsed="5.090338"/>
</kw>
<kw name="Go To" owner="SeleniumLibrary">
<msg time="2024-05-28T11:03:38.067955" level="INFO">Opening url 'https://demowebshop.tricentis.com/customer/info'</msg>
<arg>${URL}</arg>
<doc>Navigates the current browser window to the provided ``url``.</doc>
<status status="PASS" start="2024-05-28T11:03:38.067955" elapsed="1.180732"/>
</kw>
<kw name="Maximize Browser Window" owner="SeleniumLibrary">
<doc>Maximizes current browser window.</doc>
<status status="PASS" start="2024-05-28T11:03:39.249685" elapsed="1.515765"/>
</kw>
<kw name="Set Selenium Implicit Wait" owner="SeleniumLibrary">
<arg>5</arg>
<doc>Sets the implicit wait value used by Selenium.</doc>
<status status="PASS" start="2024-05-28T11:03:40.765450" elapsed="0.004140"/>
</kw>
<status status="PASS" start="2024-05-28T11:03:32.975615" elapsed="7.795009"/>
</kw>
<kw name="Fill login email" owner="MyAccountResources">
<kw name="Input Text" owner="SeleniumLibrary">
<msg time="2024-05-28T11:03:40.773638" level="INFO">Typing text 'narayanasamy04082002@gmail.com' into text field 'xpath://input[@id='Email']'.</msg>
<arg>${login_email}</arg>
<arg>narayanasamy04082002@gmail.com</arg>
<doc>Types the given ``text`` into the text field identified by ``locator``.</doc>
<status status="PASS" start="2024-05-28T11:03:40.771638" elapsed="1.240269"/>
</kw>
<kw name="Input Text" owner="SeleniumLibrary">
<msg time="2024-05-28T11:03:42.013933" level="INFO">Typing text 'narayana' into text field 'xpath://input[@id='Password']'.</msg>
<arg>${login_pass}</arg>
<arg>narayana</arg>
<doc>Types the given ``text`` into the text field identified by ``locator``.</doc>
<status status="PASS" start="2024-05-28T11:03:42.012939" elapsed="1.791845"/>
</kw>
<kw name="Click Button" owner="SeleniumLibrary">
<msg time="2024-05-28T11:03:43.805786" level="INFO">Clicking button 'xpath://input[@value='Log in']'.</msg>
<arg>${login_btn}</arg>
<doc>Clicks the button identified by ``locator``.</doc>
<status status="PASS" start="2024-05-28T11:03:43.804784" elapsed="2.416437"/>
</kw>
<status status="PASS" start="2024-05-28T11:03:40.770624" elapsed="5.451612"/>
</kw>
<kw name="Click change password button" owner="MyAccountResources">
<kw name="Click Element" owner="SeleniumLibrary">
<msg time="2024-05-28T11:03:46.226236" level="INFO">Clicking element 'xpath://a[text()='Change password']'.</msg>
<arg>${change_password_path}</arg>
<doc>Click the element identified by ``locator``.</doc>
<status status="PASS" start="2024-05-28T11:03:46.224238" elapsed="2.504540"/>
</kw>
<status status="PASS" start="2024-05-28T11:03:46.222236" elapsed="2.506542"/>
</kw>
<kw name="Check whether Change password is visible" owner="MyAccountResources">
<kw name="Element Should Be Visible" owner="SeleniumLibrary">
<msg time="2024-05-28T11:03:49.044145" level="INFO">Element 'xpath://h1[text()='My account - Change password']' is displayed.</msg>
<arg>${visible_change_password}</arg>
<doc>Verifies that the element identified by ``locator`` is visible.</doc>
<status status="PASS" start="2024-05-28T11:03:48.730776" elapsed="0.313369"/>
</kw>
<status status="PASS" start="2024-05-28T11:03:48.729777" elapsed="0.314368"/>
</kw>
<kw name="Enter old password in the old password field" owner="MyAccountResources">
<kw name="Input Text" owner="SeleniumLibrary">
<msg time="2024-05-28T11:03:49.046698" level="INFO">Typing text 'narayana' into text field 'xpath://input[@id='OldPassword']'.</msg>
<arg>${old_password_path}</arg>
<arg>narayana</arg>
<doc>Types the given ``text`` into the text field identified by ``locator``.</doc>
<status status="PASS" start="2024-05-28T11:03:49.046698" elapsed="1.834566"/>
</kw>
<status status="PASS" start="2024-05-28T11:03:49.045741" elapsed="1.836523"/>
</kw>
<kw name="Enter new password in the new password field" owner="MyAccountResources">
<kw name="Input Text" owner="SeleniumLibrary">
<msg time="2024-05-28T11:03:50.884787" level="INFO">Typing text 'narayana' into text field 'xpath://input[@id='NewPassword']'.</msg>
<arg>${new_password_path}</arg>
<arg>narayana</arg>
<doc>Types the given ``text`` into the text field identified by ``locator``.</doc>
<status status="PASS" start="2024-05-28T11:03:50.883777" elapsed="0.581958"/>
</kw>
<status status="PASS" start="2024-05-28T11:03:50.882264" elapsed="0.584480"/>
</kw>
<kw name="Enter confirm password in the confirm password field" owner="MyAccountResources">
<kw name="Input Text" owner="SeleniumLibrary">
<msg time="2024-05-28T11:03:51.468117" level="INFO">Typing text 'narayana' into text field 'xpath://input[@id='ConfirmNewPassword']'.</msg>
<arg>${confirm_new_password_path}</arg>
<arg>narayana</arg>
<doc>Types the given ``text`` into the text field identified by ``locator``.</doc>
<status status="PASS" start="2024-05-28T11:03:51.468117" elapsed="0.503405"/>
</kw>
<status status="PASS" start="2024-05-28T11:03:51.466744" elapsed="0.505777"/>
</kw>
<kw name="Click change password button" owner="MyAccountResources">
<kw name="Click Element" owner="SeleniumLibrary">
<msg time="2024-05-28T11:03:51.974526" level="INFO">Clicking element 'xpath://a[text()='Change password']'.</msg>
<arg>${change_password_path}</arg>
<doc>Click the element identified by ``locator``.</doc>
<status status="PASS" start="2024-05-28T11:03:51.973541" elapsed="0.633498"/>
</kw>
<status status="PASS" start="2024-05-28T11:03:51.972521" elapsed="0.634518"/>
</kw>
<kw name="Check whether Password was changed is visible" owner="MyAccountResources">
<kw name="Element Should Be Visible" owner="SeleniumLibrary">
<msg time="2024-05-28T11:03:52.637067" level="INFO">Element 'xpath://h1[text()='My account - Change password']' is displayed.</msg>
<arg>${visible_change_password}</arg>
<doc>Verifies that the element identified by ``locator`` is visible.</doc>
<status status="PASS" start="2024-05-28T11:03:52.608548" elapsed="0.028519"/>
</kw>
<status status="PASS" start="2024-05-28T11:03:52.608040" elapsed="0.029027"/>
</kw>
<kw name="Close Browser session" owner="GenericResources" type="TEARDOWN">
<kw name="Close Browser" owner="SeleniumLibrary">
<doc>Closes the current browser.</doc>
<status status="PASS" start="2024-05-28T11:03:52.639068" elapsed="3.935429"/>
</kw>
<status status="PASS" start="2024-05-28T11:03:52.638066" elapsed="3.937432"/>
</kw>
<status status="PASS" start="2024-05-28T11:03:32.973607" elapsed="23.601891"/>
</test>
<doc>To validate change password functionality</doc>
<status status="PASS" start="2024-05-28T11:03:32.604298" elapsed="23.972704"/>
</suite>
<status status="PASS" start="2024-05-28T11:03:32.571593" elapsed="24.008420"/>
</suite>
<statistics>
<total>
<stat pass="1" fail="0" skip="0">All Tests</stat>
</total>
<tag>
</tag>
<suite>
<stat pass="1" fail="0" skip="0" id="s1" name="TestCase">TestCase</stat>
<stat pass="1" fail="0" skip="0" id="s1-s1" name="MyAccountTest ChangePassword">TestCase.MyAccountTest ChangePassword</stat>
</suite>
</statistics>
<errors>
</errors>
</robot>
