<?xml version="1.0" encoding="UTF-8"?>
<robot generator="Robot 7.0 (Python 3.11.6 on win32)" generated="2024-05-28T11:03:32.537805" rpa="false" schemaversion="5">
<suite id="s1" name="TestCase" source="E:\Project\DemoWebShop\TestCase">
<suite id="s1-s1" name="MyAccountTest RewardPoints" source="E:\Project\DemoWebShop\TestCase\MyAccountTest_RewardPoints.robot">
<test id="s1-s1-t1" name="Validate the Reward points" line="10">
<kw name="Open the Browser with url" owner="GenericResources" type="SETUP">
<kw name="Create Webdriver" owner="SeleniumLibrary">
<msg time="2024-05-28T11:03:32.953502" level="INFO">Creating an instance of the Chrome WebDriver.</msg>
<arg>Chrome</arg>
<doc>Creates an instance of Selenium WebDriver.</doc>
<status status="PASS" start="2024-05-28T11:03:32.953502" elapsed="2.684815"/>
</kw>
<kw name="Go To" owner="SeleniumLibrary">
<msg time="2024-05-28T11:03:35.639319" level="INFO">Opening url 'https://demowebshop.tricentis.com/customer/info'</msg>
<arg>${URL}</arg>
<doc>Navigates the current browser window to the provided ``url``.</doc>
<status status="PASS" start="2024-05-28T11:03:35.638317" elapsed="3.744761"/>
</kw>
<kw name="Maximize Browser Window" owner="SeleniumLibrary">
<doc>Maximizes current browser window.</doc>
<status status="PASS" start="2024-05-28T11:03:39.383078" elapsed="0.693131"/>
</kw>
<kw name="Set Selenium Implicit Wait" owner="SeleniumLibrary">
<arg>5</arg>
<doc>Sets the implicit wait value used by Selenium.</doc>
<status status="PASS" start="2024-05-28T11:03:40.076209" elapsed="0.002519"/>
</kw>
<status status="PASS" start="2024-05-28T11:03:32.951502" elapsed="7.127226"/>
</kw>
<kw name="Fill login email" owner="MyAccountResources">
<kw name="Input Text" owner="SeleniumLibrary">
<msg time="2024-05-28T11:03:40.080723" level="INFO">Typing text 'narayanasamy04082002@gmail.com' into text field 'xpath://input[@id='Email']'.</msg>
<arg>${login_email}</arg>
<arg>narayanasamy04082002@gmail.com</arg>
<doc>Types the given ``text`` into the text field identified by ``locator``.</doc>
<status status="PASS" start="2024-05-28T11:03:40.079724" elapsed="1.979164"/>
</kw>
<kw name="Input Text" owner="SeleniumLibrary">
<msg time="2024-05-28T11:03:42.059899" level="INFO">Typing text 'narayana' into text field 'xpath://input[@id='Password']'.</msg>
<arg>${login_pass}</arg>
<arg>narayana</arg>
<doc>Types the given ``text`` into the text field identified by ``locator``.</doc>
<status status="PASS" start="2024-05-28T11:03:42.059899" elapsed="1.559068"/>
</kw>
<kw name="Click Button" owner="SeleniumLibrary">
<msg time="2024-05-28T11:03:43.621204" level="INFO">Clicking button 'xpath://input[@value='Log in']'.</msg>
<arg>${login_btn}</arg>
<doc>Clicks the button identified by ``locator``.</doc>
<status status="PASS" start="2024-05-28T11:03:43.619964" elapsed="2.476835"/>
</kw>
<status status="PASS" start="2024-05-28T11:03:40.079724" elapsed="6.017075"/>
</kw>
<kw name="Click Reward points button" owner="MyAccountResources">
<kw name="Click Element" owner="SeleniumLibrary">
<msg time="2024-05-28T11:03:46.099309" level="INFO">Clicking element 'css:a[class='active']'.</msg>
<arg>${reward_points}</arg>
<doc>Click the element identified by ``locator``.</doc>
<status status="PASS" start="2024-05-28T11:03:46.097800" elapsed="1.631454"/>
</kw>
<status status="PASS" start="2024-05-28T11:03:46.097800" elapsed="1.632451"/>
</kw>
<kw name="Close Browser session" owner="GenericResources" type="TEARDOWN">
<kw name="Close Browser" owner="SeleniumLibrary">
<doc>Closes the current browser.</doc>
<status status="PASS" start="2024-05-28T11:03:47.732248" elapsed="2.530554"/>
</kw>
<status status="PASS" start="2024-05-28T11:03:47.730251" elapsed="2.532551"/>
</kw>
<status status="PASS" start="2024-05-28T11:03:32.950501" elapsed="17.313194"/>
</test>
<doc>To validate reward points</doc>
<status status="PASS" start="2024-05-28T11:03:32.589705" elapsed="17.674989"/>
</suite>
<status status="PASS" start="2024-05-28T11:03:32.556856" elapsed="17.709841"/>
</suite>
<statistics>
<total>
<stat pass="1" fail="0" skip="0">All Tests</stat>
</total>
<tag>
</tag>
<suite>
<stat pass="1" fail="0" skip="0" id="s1" name="TestCase">TestCase</stat>
<stat pass="1" fail="0" skip="0" id="s1-s1" name="MyAccountTest RewardPoints">TestCase.MyAccountTest RewardPoints</stat>
</suite>
</statistics>
<errors>
</errors>
</robot>
