<?xml version="1.0" encoding="UTF-8"?>
<robot generator="Robot 7.0 (Python 3.11.6 on win32)" generated="2024-05-28T11:03:32.564901" rpa="false" schemaversion="5">
<suite id="s1" name="TestCase" source="E:\Project\DemoWebShop\TestCase">
<suite id="s1-s1" name="JewelryTest" source="E:\Project\DemoWebShop\TestCase\JewelryTest.robot">
<test id="s1-s1-t1" name="Validate the jewelry functionality" line="11">
<kw name="Open the Browser with url" owner="GenericResources" type="SETUP">
<kw name="Create Webdriver" owner="SeleniumLibrary">
<msg time="2024-05-28T11:03:32.996240" level="INFO">Creating an instance of the Chrome WebDriver.</msg>
<arg>Chrome</arg>
<doc>Creates an instance of Selenium WebDriver.</doc>
<status status="PASS" start="2024-05-28T11:03:32.995240" elapsed="5.053665"/>
</kw>
<kw name="Go To" owner="SeleniumLibrary">
<msg time="2024-05-28T11:03:38.049907" level="INFO">Opening url 'https://demowebshop.tricentis.com/customer/info'</msg>
<arg>${URL}</arg>
<doc>Navigates the current browser window to the provided ``url``.</doc>
<status status="PASS" start="2024-05-28T11:03:38.049907" elapsed="2.615222"/>
</kw>
<kw name="Maximize Browser Window" owner="SeleniumLibrary">
<doc>Maximizes current browser window.</doc>
<status status="PASS" start="2024-05-28T11:03:40.666130" elapsed="0.809663"/>
</kw>
<kw name="Set Selenium Implicit Wait" owner="SeleniumLibrary">
<arg>5</arg>
<doc>Sets the implicit wait value used by Selenium.</doc>
<status status="PASS" start="2024-05-28T11:03:41.476801" elapsed="0.002004"/>
</kw>
<status status="PASS" start="2024-05-28T11:03:32.994227" elapsed="8.484578"/>
</kw>
<kw name="Click the jewelry element" owner="JewelryResources">
<kw name="Click Element" owner="SeleniumLibrary">
<msg time="2024-05-28T11:03:41.482532" level="INFO">Clicking element 'xpath:(//a[@href='/jewelry'])[1]'.</msg>
<arg>${jewelry_button}</arg>
<doc>Click the element identified by ``locator``.</doc>
<status status="PASS" start="2024-05-28T11:03:41.480279" elapsed="2.307745"/>
</kw>
<status status="PASS" start="2024-05-28T11:03:41.478805" elapsed="2.309219"/>
</kw>
<kw name="Check whether the jewelry is visible" owner="JewelryResources">
<kw name="Element Text Should Be" owner="SeleniumLibrary">
<msg time="2024-05-28T11:03:43.790264" level="INFO">Verifying element 'xpath://div[@class='page-title']//h1' contains exact text 'Jewelry'.</msg>
<arg>${visible_jewelry}</arg>
<arg>Jewelry</arg>
<doc>Verifies that element ``locator`` contains exact the text ``expected``.</doc>
<status status="PASS" start="2024-05-28T11:03:43.790264" elapsed="0.368586"/>
</kw>
<status status="PASS" start="2024-05-28T11:03:43.789252" elapsed="0.369598"/>
</kw>
<kw name="Click the sort by dropdown button" owner="JewelryResources">
<kw name="Click Element" owner="SeleniumLibrary">
<msg time="2024-05-28T11:03:44.161955" level="INFO">Clicking element 'xpath://select[@id='products-orderby']'.</msg>
<arg>${click_dropdown}</arg>
<doc>Click the element identified by ``locator``.</doc>
<status status="PASS" start="2024-05-28T11:03:44.160953" elapsed="1.257045"/>
</kw>
<status status="PASS" start="2024-05-28T11:03:44.159951" elapsed="1.259070"/>
</kw>
<kw name="Click A to Z option in the dropdown list" owner="JewelryResources">
<kw name="Click Element" owner="SeleniumLibrary">
<msg time="2024-05-28T11:03:45.422022" level="INFO">Clicking element 'xpath:(//select[@id='products-orderby']//option)[2]'.</msg>
<arg>${click_A_to_Z_product}</arg>
<doc>Click the element identified by ``locator``.</doc>
<status status="PASS" start="2024-05-28T11:03:45.421021" elapsed="2.346412"/>
</kw>
<status status="PASS" start="2024-05-28T11:03:45.420025" elapsed="2.348411"/>
</kw>
<kw name="Verify whether Sorting Order in A to Z" owner="JewelryResources">
<kw name="Element Should Be Visible" owner="SeleniumLibrary">
<msg time="2024-05-28T11:03:48.597391" level="INFO">Element 'xpath://h2[@class='product-title']/a' is displayed.</msg>
<arg>${visible_product}</arg>
<arg>Black &amp; White Diamond Heart</arg>
<doc>Verifies that the element identified by ``locator`` is visible.</doc>
<status status="PASS" start="2024-05-28T11:03:47.769436" elapsed="0.827955"/>
</kw>
<status status="PASS" start="2024-05-28T11:03:47.768436" elapsed="0.828955"/>
</kw>
<kw name="Click the first product" owner="JewelryResources">
<kw name="Click Element" owner="SeleniumLibrary">
<msg time="2024-05-28T11:03:48.600412" level="INFO">Clicking element 'xpath://h2[@class='product-title']/a'.</msg>
<arg>${click_first_product}</arg>
<doc>Click the element identified by ``locator``.</doc>
<status status="PASS" start="2024-05-28T11:03:48.599388" elapsed="1.886285"/>
</kw>
<status status="PASS" start="2024-05-28T11:03:48.598388" elapsed="1.887285"/>
</kw>
<kw name="Close Browser session" owner="GenericResources" type="TEARDOWN">
<kw name="Close Browser" owner="SeleniumLibrary">
<doc>Closes the current browser.</doc>
<status status="PASS" start="2024-05-28T11:03:50.487672" elapsed="2.237406"/>
</kw>
<status status="PASS" start="2024-05-28T11:03:50.486671" elapsed="2.238407"/>
</kw>
<doc>This test case will validate the sort by functionality</doc>
<tag>regression</tag>
<status status="PASS" start="2024-05-28T11:03:32.992697" elapsed="19.732381"/>
</test>
<doc>To validate Profile information</doc>
<status status="PASS" start="2024-05-28T11:03:32.613297" elapsed="20.112794"/>
</suite>
<status status="PASS" start="2024-05-28T11:03:32.584179" elapsed="20.144914"/>
</suite>
<statistics>
<total>
<stat pass="1" fail="0" skip="0">All Tests</stat>
</total>
<tag>
<stat pass="1" fail="0" skip="0">regression</stat>
</tag>
<suite>
<stat pass="1" fail="0" skip="0" id="s1" name="TestCase">TestCase</stat>
<stat pass="1" fail="0" skip="0" id="s1-s1" name="JewelryTest">TestCase.JewelryTest</stat>
</suite>
</statistics>
<errors>
</errors>
</robot>
