<?xml version="1.0" encoding="UTF-8"?>
<robot generator="Robot 7.0 (Python 3.11.6 on win32)" generated="2024-05-28T11:03:32.519788" rpa="false" schemaversion="5">
<suite id="s1" name="TestCase" source="E:\Project\DemoWebShop\TestCase">
<suite id="s1-s1" name="JewelryTest" source="E:\Project\DemoWebShop\TestCase\JewelryTest.robot">
<test id="s1-s1-t1" name="Validate the jewelry with add to cart" line="45">
<kw name="Open the Browser with url" owner="GenericResources" type="SETUP">
<kw name="Create Webdriver" owner="SeleniumLibrary">
<msg time="2024-05-28T11:03:32.941980" level="INFO">Creating an instance of the Chrome WebDriver.</msg>
<arg>Chrome</arg>
<doc>Creates an instance of Selenium WebDriver.</doc>
<status status="PASS" start="2024-05-28T11:03:32.941980" elapsed="2.624625"/>
</kw>
<kw name="Go To" owner="SeleniumLibrary">
<msg time="2024-05-28T11:03:35.567604" level="INFO">Opening url 'https://demowebshop.tricentis.com/customer/info'</msg>
<arg>${URL}</arg>
<doc>Navigates the current browser window to the provided ``url``.</doc>
<status status="PASS" start="2024-05-28T11:03:35.566605" elapsed="3.201729"/>
</kw>
<kw name="Maximize Browser Window" owner="SeleniumLibrary">
<doc>Maximizes current browser window.</doc>
<status status="PASS" start="2024-05-28T11:03:38.768334" elapsed="0.322816"/>
</kw>
<kw name="Set Selenium Implicit Wait" owner="SeleniumLibrary">
<arg>5</arg>
<doc>Sets the implicit wait value used by Selenium.</doc>
<status status="PASS" start="2024-05-28T11:03:39.091663" elapsed="0.005014"/>
</kw>
<status status="PASS" start="2024-05-28T11:03:32.939979" elapsed="6.156698"/>
</kw>
<kw name="Click the jewelry element" owner="JewelryResources">
<kw name="Click Element" owner="SeleniumLibrary">
<msg time="2024-05-28T11:03:39.099675" level="INFO">Clicking element 'xpath:(//a[@href='/jewelry'])[1]'.</msg>
<arg>${jewelry_button}</arg>
<doc>Click the element identified by ``locator``.</doc>
<status status="PASS" start="2024-05-28T11:03:39.097675" elapsed="2.201367"/>
</kw>
<status status="PASS" start="2024-05-28T11:03:39.097675" elapsed="2.201367"/>
</kw>
<kw name="Click the sort by dropdown button" owner="JewelryResources">
<kw name="Click Element" owner="SeleniumLibrary">
<msg time="2024-05-28T11:03:41.302041" level="INFO">Clicking element 'xpath://select[@id='products-orderby']'.</msg>
<arg>${click_dropdown}</arg>
<doc>Click the element identified by ``locator``.</doc>
<status status="PASS" start="2024-05-28T11:03:41.301045" elapsed="1.079832"/>
</kw>
<status status="PASS" start="2024-05-28T11:03:41.300044" elapsed="1.080833"/>
</kw>
<kw name="Click low to high option in the dropdown list" owner="JewelryResources">
<kw name="Click Element" owner="SeleniumLibrary">
<msg time="2024-05-28T11:03:42.382878" level="INFO">Clicking element 'xpath:(//select[@id='products-orderby']//option)[4]'.</msg>
<arg>${click_low_to_high}</arg>
<doc>Click the element identified by ``locator``.</doc>
<status status="PASS" start="2024-05-28T11:03:42.381880" elapsed="1.844936"/>
</kw>
<status status="PASS" start="2024-05-28T11:03:42.380877" elapsed="1.847165"/>
</kw>
<kw name="Click second product in low to high" owner="JewelryResources">
<kw name="Click Link" owner="SeleniumLibrary">
<msg time="2024-05-28T11:03:44.228936" level="INFO">Clicking link 'xpath://a[text()='Black &amp; White Diamond Heart']'.</msg>
<arg>${click_product_inLowToHigh}</arg>
<doc>Clicks a link identified by ``locator``.</doc>
<status status="PASS" start="2024-05-28T11:03:44.228936" elapsed="2.259948"/>
</kw>
<status status="PASS" start="2024-05-28T11:03:44.228042" elapsed="2.260842"/>
</kw>
<kw name="Click add to cart button" owner="JewelryResources">
<kw name="Click Element" owner="SeleniumLibrary">
<msg time="2024-05-28T11:03:46.490886" level="INFO">Clicking element 'xpath://input[@id='add-to-cart-button-14']'.</msg>
<arg>${click_add_to_cart}</arg>
<doc>Click the element identified by ``locator``.</doc>
<status status="PASS" start="2024-05-28T11:03:46.489884" elapsed="0.428777"/>
</kw>
<status status="PASS" start="2024-05-28T11:03:46.488884" elapsed="0.430286"/>
</kw>
<kw name="Close Browser session" owner="GenericResources" type="TEARDOWN">
<kw name="Close Browser" owner="SeleniumLibrary">
<doc>Closes the current browser.</doc>
<status status="PASS" start="2024-05-28T11:03:46.919690" elapsed="2.437836"/>
</kw>
<status status="PASS" start="2024-05-28T11:03:46.919690" elapsed="2.438830"/>
</kw>
<doc>This test case will validate that product with add to cart</doc>
<tag>sanity.</tag>
<status status="PASS" start="2024-05-28T11:03:32.938980" elapsed="16.419540"/>
</test>
<doc>To validate Profile information</doc>
<status status="PASS" start="2024-05-28T11:03:32.564901" elapsed="16.795137"/>
</suite>
<status status="PASS" start="2024-05-28T11:03:32.536805" elapsed="16.825244"/>
</suite>
<statistics>
<total>
<stat pass="1" fail="0" skip="0">All Tests</stat>
</total>
<tag>
<stat pass="1" fail="0" skip="0">sanity.</stat>
</tag>
<suite>
<stat pass="1" fail="0" skip="0" id="s1" name="TestCase">TestCase</stat>
<stat pass="1" fail="0" skip="0" id="s1-s1" name="JewelryTest">TestCase.JewelryTest</stat>
</suite>
</statistics>
<errors>
</errors>
</robot>
