<?xml version="1.0" encoding="UTF-8"?>
<robot generator="Robot 7.0 (Python 3.11.6 on win32)" generated="2024-05-28T11:03:32.519279" rpa="false" schemaversion="5">
<suite id="s1" name="TestCase" source="E:\Project\DemoWebShop\TestCase">
<suite id="s1-s1" name="MyAddressTest Orders" source="E:\Project\DemoWebShop\TestCase\MyAddressTest_Orders.robot">
<test id="s1-s1-t1" name="Validate the order" line="12">
<kw name="Open the Browser with url" owner="GenericResources" type="SETUP">
<kw name="Create Webdriver" owner="SeleniumLibrary">
<msg time="2024-05-28T11:03:32.924963" level="INFO">Creating an instance of the Chrome WebDriver.</msg>
<arg>Chrome</arg>
<doc>Creates an instance of Selenium WebDriver.</doc>
<status status="PASS" start="2024-05-28T11:03:32.924963" elapsed="5.388238"/>
</kw>
<kw name="Go To" owner="SeleniumLibrary">
<msg time="2024-05-28T11:03:38.314202" level="INFO">Opening url 'https://demowebshop.tricentis.com/customer/info'</msg>
<arg>${URL}</arg>
<doc>Navigates the current browser window to the provided ``url``.</doc>
<status status="PASS" start="2024-05-28T11:03:38.313201" elapsed="2.585062"/>
</kw>
<kw name="Maximize Browser Window" owner="SeleniumLibrary">
<doc>Maximizes current browser window.</doc>
<status status="PASS" start="2024-05-28T11:03:40.899261" elapsed="0.742033"/>
</kw>
<kw name="Set Selenium Implicit Wait" owner="SeleniumLibrary">
<arg>5</arg>
<doc>Sets the implicit wait value used by Selenium.</doc>
<status status="PASS" start="2024-05-28T11:03:41.641294" elapsed="0.003357"/>
</kw>
<status status="PASS" start="2024-05-28T11:03:32.923962" elapsed="8.720689"/>
</kw>
<kw name="Fill login email" owner="MyAccountResources">
<kw name="Input Text" owner="SeleniumLibrary">
<msg time="2024-05-28T11:03:41.647162" level="INFO">Typing text 'narayanasamy04082002@gmail.com' into text field 'xpath://input[@id='Email']'.</msg>
<arg>${login_email}</arg>
<arg>narayanasamy04082002@gmail.com</arg>
<doc>Types the given ``text`` into the text field identified by ``locator``.</doc>
<status status="PASS" start="2024-05-28T11:03:41.645652" elapsed="1.723192"/>
</kw>
<kw name="Input Text" owner="SeleniumLibrary">
<msg time="2024-05-28T11:03:43.370853" level="INFO">Typing text 'narayana' into text field 'xpath://input[@id='Password']'.</msg>
<arg>${login_pass}</arg>
<arg>narayana</arg>
<doc>Types the given ``text`` into the text field identified by ``locator``.</doc>
<status status="PASS" start="2024-05-28T11:03:43.369854" elapsed="1.619732"/>
</kw>
<kw name="Click Button" owner="SeleniumLibrary">
<msg time="2024-05-28T11:03:44.991592" level="INFO">Clicking button 'xpath://input[@value='Log in']'.</msg>
<arg>${login_btn}</arg>
<doc>Clicks the button identified by ``locator``.</doc>
<status status="PASS" start="2024-05-28T11:03:44.990593" elapsed="3.250632"/>
</kw>
<status status="PASS" start="2024-05-28T11:03:41.644651" elapsed="6.597575"/>
</kw>
<kw name="Click order button" owner="MyAccountResources">
<kw name="Click Element" owner="SeleniumLibrary">
<msg time="2024-05-28T11:03:48.243732" level="INFO">Clicking element 'xpath:(//a[text()='Orders'])[1]'.</msg>
<arg>${order_path}</arg>
<doc>Click the element identified by ``locator``.</doc>
<status status="PASS" start="2024-05-28T11:03:48.243732" elapsed="1.864992"/>
</kw>
<status status="PASS" start="2024-05-28T11:03:48.242226" elapsed="1.866498"/>
</kw>
<kw name="Close Browser session" owner="GenericResources" type="TEARDOWN">
<kw name="Close Browser" owner="SeleniumLibrary">
<doc>Closes the current browser.</doc>
<status status="PASS" start="2024-05-28T11:03:50.111258" elapsed="3.878534"/>
</kw>
<status status="PASS" start="2024-05-28T11:03:50.110245" elapsed="3.879547"/>
</kw>
<status status="PASS" start="2024-05-28T11:03:32.922964" elapsed="21.067831"/>
</test>
<doc>To validate order information</doc>
<status status="PASS" start="2024-05-28T11:03:32.567591" elapsed="21.424204"/>
</suite>
<status status="PASS" start="2024-05-28T11:03:32.536805" elapsed="21.456983"/>
</suite>
<statistics>
<total>
<stat pass="1" fail="0" skip="0">All Tests</stat>
</total>
<tag>
</tag>
<suite>
<stat pass="1" fail="0" skip="0" id="s1" name="TestCase">TestCase</stat>
<stat pass="1" fail="0" skip="0" id="s1-s1" name="MyAddressTest Orders">TestCase.MyAddressTest Orders</stat>
</suite>
</statistics>
<errors>
</errors>
</robot>
