<?xml version="1.0" encoding="UTF-8"?>
<robot generator="Robot 7.0 (Python 3.11.6 on win32)" generated="2024-05-28T11:03:32.574118" rpa="false" schemaversion="5">
<suite id="s1" name="TestCase" source="E:\Project\DemoWebShop\TestCase">
<suite id="s1-s1" name="JewelryTest" source="E:\Project\DemoWebShop\TestCase\JewelryTest.robot">
<test id="s1-s1-t1" name="Validate the gift cart process" line="114">
<kw name="Open the Browser with url" owner="GenericResources" type="SETUP">
<kw name="Create Webdriver" owner="SeleniumLibrary">
<msg time="2024-05-28T11:03:33.016845" level="INFO">Creating an instance of the Chrome WebDriver.</msg>
<arg>Chrome</arg>
<doc>Creates an instance of Selenium WebDriver.</doc>
<status status="PASS" start="2024-05-28T11:03:33.016338" elapsed="4.903383"/>
</kw>
<kw name="Go To" owner="SeleniumLibrary">
<msg time="2024-05-28T11:03:37.920720" level="INFO">Opening url 'https://demowebshop.tricentis.com/customer/info'</msg>
<arg>${URL}</arg>
<doc>Navigates the current browser window to the provided ``url``.</doc>
<status status="PASS" start="2024-05-28T11:03:37.919721" elapsed="2.647432"/>
</kw>
<kw name="Maximize Browser Window" owner="SeleniumLibrary">
<doc>Maximizes current browser window.</doc>
<status status="PASS" start="2024-05-28T11:03:40.567153" elapsed="0.700903"/>
</kw>
<kw name="Set Selenium Implicit Wait" owner="SeleniumLibrary">
<arg>5</arg>
<doc>Sets the implicit wait value used by Selenium.</doc>
<status status="PASS" start="2024-05-28T11:03:41.268056" elapsed="0.002663"/>
</kw>
<status status="PASS" start="2024-05-28T11:03:33.014802" elapsed="8.255917"/>
</kw>
<kw name="Click the jewelry element" owner="JewelryResources">
<kw name="Click Element" owner="SeleniumLibrary">
<msg time="2024-05-28T11:03:41.273682" level="INFO">Clicking element 'xpath:(//a[@href='/jewelry'])[1]'.</msg>
<arg>${jewelry_button}</arg>
<doc>Click the element identified by ``locator``.</doc>
<status status="PASS" start="2024-05-28T11:03:41.272588" elapsed="2.362258"/>
</kw>
<status status="PASS" start="2024-05-28T11:03:41.271589" elapsed="2.364272"/>
</kw>
<kw name="Click second product in low to high" owner="JewelryResources">
<kw name="Click Link" owner="SeleniumLibrary">
<msg time="2024-05-28T11:03:43.636861" level="INFO">Clicking link 'xpath://a[text()='Black &amp; White Diamond Heart']'.</msg>
<arg>${click_product_inLowToHigh}</arg>
<doc>Clicks a link identified by ``locator``.</doc>
<status status="PASS" start="2024-05-28T11:03:43.636861" elapsed="2.347228"/>
</kw>
<status status="PASS" start="2024-05-28T11:03:43.635861" elapsed="2.349228"/>
</kw>
<kw name="Click add to cart button" owner="JewelryResources">
<kw name="Click Element" owner="SeleniumLibrary">
<msg time="2024-05-28T11:03:45.989094" level="INFO">Clicking element 'xpath://input[@id='add-to-cart-button-14']'.</msg>
<arg>${click_add_to_cart}</arg>
<doc>Click the element identified by ``locator``.</doc>
<status status="PASS" start="2024-05-28T11:03:45.988092" elapsed="0.889904"/>
</kw>
<status status="PASS" start="2024-05-28T11:03:45.986098" elapsed="0.891898"/>
</kw>
<kw name="Close Browser session" owner="GenericResources" type="TEARDOWN">
<kw name="Close Browser" owner="SeleniumLibrary">
<doc>Closes the current browser.</doc>
<status status="PASS" start="2024-05-28T11:03:46.879999" elapsed="3.989731"/>
</kw>
<status status="PASS" start="2024-05-28T11:03:46.879001" elapsed="3.991743"/>
</kw>
<doc>This test case will validate the gift cart process</doc>
<tag>smoke</tag>
<status status="PASS" start="2024-05-28T11:03:33.012291" elapsed="17.858453"/>
</test>
<doc>To validate Profile information</doc>
<status status="PASS" start="2024-05-28T11:03:32.624038" elapsed="18.247691"/>
</suite>
<status status="PASS" start="2024-05-28T11:03:32.591217" elapsed="18.282520"/>
</suite>
<statistics>
<total>
<stat pass="1" fail="0" skip="0">All Tests</stat>
</total>
<tag>
<stat pass="1" fail="0" skip="0">smoke</stat>
</tag>
<suite>
<stat pass="1" fail="0" skip="0" id="s1" name="TestCase">TestCase</stat>
<stat pass="1" fail="0" skip="0" id="s1-s1" name="JewelryTest">TestCase.JewelryTest</stat>
</suite>
</statistics>
<errors>
</errors>
</robot>
